<?xml version="1.0" encoding="utf-8"?><testsuites name="pytest tests"><testsuite name="pytest" errors="0" failures="0" skipped="0" tests="324" time="2653.192" timestamp="2026-08-06T17:34:31.894158+00:00" hostname="6036678ad1e5"><testcase classname="tests.test_legacy_entrypoints" name="test_legacy_calibration_functions[calibration_fix_test-test_default_feedback_decomposition]" time="1430.941" /><testcase classname="tests.test_legacy_entrypoints" name="test_legacy_calibration_functions[calibration_fix_test-test_total_atlantic_heat_transport_definition]" time="54.434" /><testcase classname="tests.test_legacy_entrypoints" name="test_legacy_calibration_functions[calibration_fix_test-test_ohue_uses_explicit_ocean_heat_uptake]" time="95.375" /><testcase classname="tests.test_legacy_entrypoints" name="test_legacy_calibration_functions[calibration_fix_test-test_grouped_likelihood_outputs]" time="1.523" /><testcase classname="tests.test_legacy_entrypoints" name="test_legacy_calibration_functions[calibration_fix_test-test_physical_priors_do_not_duplicate_likelihood_intervals]" time="1.529" /><testcase classname="tests.test_legacy_entrypoints" name="test_legacy_calibration_functions[calibration_fix_test-test_parameter_specific_prior_marginals_and_correlations]" time="2.948" /><testcase classname="tests.test_legacy_entrypoints" name="test_legacy_gui_scripts[gui_smoke_test.py]" time="1.244" /><testcase classname="tests.test_legacy_entrypoints" name="test_legacy_gui_scripts[gui_layout_test.py]" time="1.731" /><testcase classname="tests.test_property_conservation" name="test_advective_and_mixing_tendencies_conserve_total_salt" time="0.001" /><testcase classname="tests.test_property_conservation" name="test_surface_freshwater_redistribution_has_zero_global_anomaly" time="0.000" /><testcase classname="tests.test_property_conservation" name="test_amoc_heat_redistribution_is_globally_conservative" time="0.001" /><testcase classname="tests.test_property_conservation" name="test_short_integrations_preserve_salt" time="62.410" /><testcase classname="tests.test_review_fixes" name="test_hybrid_switch_must_be_inside_requested_run" time="0.001" /><testcase classname="tests.test_review_fixes" name="test_ssp460_summary_reports_automatic_initialization" time="29.884" /><testcase classname="tests.test_review_fixes" name="test_meinshausen_forcing_is_zero_at_reference_and_exact_at_doubling" time="0.065" /><testcase classname="tests.test_review_fixes" name="test_meinshausen_high_co2_curvature_differs_from_logarithmic" time="0.127" /><testcase classname="tests.test_review_fixes" name="test_monte_carlo_rejects_experiment_controls" time="0.000" /><testcase classname="tests.test_review_fixes" name="test_monte_carlo_accepts_whitelisted_physical_parameters" time="0.000" /><testcase classname="tests.test_review_fixes" name="test_duration_classifier_rejects_sustained_recovery" time="0.001" /><testcase classname="tests.test_review_fixes" name="test_zero_recovery_threshold_allows_no_recovery_but_rejects_any_recovery" time="0.001" /><testcase classname="tests.test_review_fixes" name="test_duration_classifier_accepts_persistent_weak_state" time="0.001" /><testcase classname="tests.test_review_fixes" name="test_monotonicity_check_and_isotonic_projection" time="0.000" /><testcase classname="tests.test_review_fixes" name="test_threshold_estimates_include_bootstrap_interval" time="0.001" /><testcase classname="tests.test_review_fixes" name="test_structural_amoc_modes_are_explicit_and_operational" time="0.198" /><testcase classname="tests.test_v221_scientific_fixes" name="test_whole_domain_equilibrium_salt_closure" time="13.810" /><testcase classname="tests.test_v221_scientific_fixes" name="test_smooth_stability_and_transient_validation" time="3.005" /><testcase classname="tests.test_v221_scientific_fixes" name="test_collapse_threshold_semantics" time="0.060" /><testcase classname="tests.test_v221_scientific_fixes" name="test_calibration_outputs_are_not_labeled_validation" time="0.001" /><testcase classname="tests.test_v221_scientific_fixes" name="test_reversible_regional_freshwater_and_regrowth" time="0.082" /><testcase classname="tests.test_v222_remaining_fixes" name="test_unstable_roots_are_never_selected" time="0.069" /><testcase classname="tests.test_v222_remaining_fixes" name="test_adaptive_refinement_and_branch_metadata" time="0.086" /><testcase classname="tests.test_v222_remaining_fixes" name="test_equilibrium_bounds_are_configurable" time="0.058" /><testcase classname="tests.test_v222_remaining_fixes" name="test_jacobian_and_nonlinear_stability_are_multiscale" time="1.312" /><testcase classname="tests.test_v222_remaining_fixes" name="test_greenland_specific_driver_and_separate_mass_counters" time="0.081" /><testcase classname="tests.test_v222_remaining_fixes" name="test_held_out_benchmark_metadata_and_evaluation" time="0.001" /><testcase classname="tests.test_v222_remaining_fixes" name="test_summary_rejects_incomplete_frames_and_reports_gaps" time="0.004" /><testcase classname="tests.test_v223_final_fixes" name="test_branch_assignment_uses_global_secant_prediction" time="0.000" /><testcase classname="tests.test_v223_final_fixes" name="test_pseudo_arclength_predictor_can_turn_parameter_direction" time="0.000" /><testcase classname="tests.test_v223_final_fixes" name="test_root_search_reports_saturation_separately_from_seed_failures" time="1.011" /><testcase classname="tests.test_v223_final_fixes" name="test_unexpected_solver_exceptions_are_not_swallowed" time="0.056" /><testcase classname="tests.test_v223_final_fixes" name="test_complex_dominant_mode_tests_real_and_imaginary_components" time="0.057" /><testcase classname="tests.test_v223_final_fixes" name="test_real_continuation_emits_pseudo_arclength_branch_points" time="3.046" /><testcase classname="tests.test_v223_final_fixes" name="test_frozen_validation_has_multiple_provenance_complete_benchmarks" time="0.001" /><testcase classname="tests.test_v223_final_fixes" name="test_ocean_heat_content_diagnostic_is_finite" time="1.412" /><testcase classname="tests.test_v224_accuracy_fixes" name="test_v224_default_parameters" time="0.000" /><testcase classname="tests.test_v224_accuracy_fixes" name="test_historical_gmst_uses_1850_1900_reference" time="0.004" /><testcase classname="tests.test_v224_accuracy_fixes" name="test_arctic_air_diagnostic_is_distinct_from_surface_state" time="36.530" /><testcase classname="tests.test_v2252_seasonal_arctic" name="test_v2252_physical_defaults_do_not_use_freshwater_compensation" time="0.000" /><testcase classname="tests.test_v2252_seasonal_arctic" name="test_unforced_seasonal_arctic_control_is_stable" time="74.604" /><testcase classname="tests.test_v2252_seasonal_arctic" name="test_warm_and_cold_arctic_perturbations_recover" time="76.767" /><testcase classname="tests.test_v2252_seasonal_arctic" name="test_time_weighted_development_regression_ranges" time="76.456" /><testcase classname="tests.test_v2252_seasonal_arctic" name="test_transient_hosing_recovers_without_density_memory_feedback" time="32.820" /><testcase classname="tests.test_v2252_seasonal_arctic" name="test_arctic_heat_states_are_finite_and_distinct" time="42.744" /><testcase classname="tests.test_v226_thermodynamic_arctic" name="test_v226_defaults_are_physical_and_freshwater_is_not_inflated" time="0.000" /><testcase classname="tests.test_v226_thermodynamic_arctic" name="test_orbital_insolation_resolves_polar_night_and_midnight_sun" time="0.000" /><testcase classname="tests.test_v226_thermodynamic_arctic" name="test_generated_reference_cycle_has_thermodynamic_ice_and_freezing_interface" time="0.064" /><testcase classname="tests.test_v226_thermodynamic_arctic" name="test_internal_arctic_heat_exchange_is_conservative" time="13.061" /><testcase classname="tests.test_v226_thermodynamic_arctic" name="test_legacy_multiplier_controls_do_not_affect_enabled_seasonal_physics" time="31.776" /><testcase classname="tests.test_v226_thermodynamic_arctic" name="test_normal_interfaces_do_not_expose_legacy_multiplier_controls" time="0.001" /><testcase classname="tests.test_v226_thermodynamic_arctic" name="test_greenland_seasonal_forcing_is_summer_dominant_and_annually_normalized" time="0.058" /><testcase classname="tests.test_v226_thermodynamic_arctic" name="test_ssp245_generates_winter_autumn_amplification_and_bidirectional_ocean_exchange" time="75.435" /><testcase classname="tests.test_v2271_maintenance_arctic" name="test_arctic_baseline_and_reference_cycle_at_all_supported_resolutions[2.5]" time="13.539" /><testcase classname="tests.test_v2271_maintenance_arctic" name="test_arctic_baseline_and_reference_cycle_at_all_supported_resolutions[5.0]" time="13.219" /><testcase classname="tests.test_v2271_maintenance_arctic" name="test_arctic_baseline_and_reference_cycle_at_all_supported_resolutions[10.0]" time="12.812" /><testcase classname="tests.test_v2271_maintenance_arctic" name="test_reference_cycle_cache_keys_start_latitude_and_greenland_floor" time="4.444" /><testcase classname="tests.test_v2271_maintenance_arctic" name="test_reference_cycle_cache_is_bounded_lru" time="8.499" /><testcase classname="tests.test_v2271_maintenance_arctic" name="test_temperature_products_are_explicit_and_map_consistent" time="14.483" /><testcase classname="tests.test_v2271_maintenance_arctic" name="test_arctic_amplification_uses_like_for_like_near_surface_air" time="0.004" /><testcase classname="tests.test_v2271_maintenance_arctic" name="test_arctic_exchange_priors_and_tooltips_include_defaults" time="0.000" /><testcase classname="tests.test_v2271_maintenance_arctic" name="test_archived_v22916_validation_records_are_internally_consistent" time="0.003" /><testcase classname="tests.test_v227_structural_arctic_greenland" name="test_v227_defaults_keep_freshwater_rates_and_use_structural_amoc_settings" time="0.003" /><testcase classname="tests.test_v227_structural_arctic_greenland" name="test_arctic_ocean_baseline_is_freezing_bounded_and_global_mean_is_preserved" time="0.056" /><testcase classname="tests.test_v227_structural_arctic_greenland" name="test_reference_ice_cycle_is_periodic_and_energy_budget_generated" time="0.059" /><testcase classname="tests.test_v227_structural_arctic_greenland" name="test_greenland_surface_mass_balance_is_zero_in_control_and_signed_under_anomalies" time="0.057" /><testcase classname="tests.test_v227_structural_arctic_greenland" name="test_greenland_dynamic_discharge_is_separate_from_surface_mass_balance" time="0.056" /><testcase classname="tests.test_v227_structural_arctic_greenland" name="test_greenland_combined_diagnostic_obeys_total_rate_and_reservoir_caps" time="0.056" /><testcase classname="tests.test_v227_structural_arctic_greenland" name="test_release_metadata_and_normal_interfaces_are_synchronized" time="0.001" /><testcase classname="tests.test_v227_structural_arctic_greenland" name="test_desktop_gui_and_monte_carlo_expose_structural_controls" time="0.000" /><testcase classname="tests.test_v2281_interface_maintenance" name="test_release_version_is_v2292" time="0.000" /><testcase classname="tests.test_v2281_interface_maintenance" name="test_desktop_defaults_match_model_config" time="0.000" /><testcase classname="tests.test_v2281_interface_maintenance" name="test_desktop_monte_carlo_ranges_contain_validated_defaults" time="0.000" /><testcase classname="tests.test_v2281_interface_maintenance" name="test_desktop_monte_carlo_command_constructs_valid_reference_model" time="0.063" /><testcase classname="tests.test_v2281_interface_maintenance" name="test_science_priors_contain_and_center_validated_amoc_defaults" time="0.000" /><testcase classname="tests.test_v2281_interface_maintenance" name="test_streamlit_uses_canonical_model_defaults_for_amoc_controls" time="0.000" /><testcase classname="tests.test_v2281_interface_maintenance" name="test_v229_arctic_coupling_defaults_match_cli_and_desktop" time="0.003" /><testcase classname="tests.test_v2281_remaining_maintenance" name="test_toa_includes_global_arctic_external_flux_anomaly" time="0.059" /><testcase classname="tests.test_v2281_remaining_maintenance" name="test_corrected_toa_closes_short_abrupt_2x_heat_budget" time="1.475" /><testcase classname="tests.test_v2281_remaining_maintenance" name="test_open_water_map_is_masked_where_open_water_is_absent" time="0.569" /><testcase classname="tests.test_v2281_remaining_maintenance" name="test_inactive_arctic_controls_are_not_active_gui_or_monte_carlo_inputs" time="0.000" /><testcase classname="tests.test_v2281_remaining_maintenance" name="test_filtered_sat_output_and_tooltip_use_actual_memory_timescale" time="0.058" /><testcase classname="tests.test_v2281_remaining_maintenance" name="test_common_validation_sampling_is_identical_for_all_supported_timesteps" time="0.002" /><testcase classname="tests.test_v2281_remaining_maintenance" name="test_validation_script_uses_common_subannual_sampling_for_headline_and_timesteps" time="0.000" /><testcase classname="tests.test_v228_fractional_arctic" name="test_v228_defaults_and_freshwater_are_preserved" time="0.000" /><testcase classname="tests.test_v228_fractional_arctic" name="test_fractional_reference_contains_simultaneous_ice_and_open_water_heat" time="0.055" /><testcase classname="tests.test_v228_fractional_arctic" name="test_local_ice_thickness_not_grid_equivalent_thickness_controls_conduction" time="0.056" /><testcase classname="tests.test_v228_fractional_arctic" name="test_atlantic_and_central_arctic_reference_cycles_are_distinct_and_periodic" time="0.055" /><testcase classname="tests.test_v228_fractional_arctic" name="test_unforced_two_reservoir_control_is_stable" time="1.470" /><testcase classname="tests.test_v228_fractional_arctic" name="test_reference_cycle_is_independent_of_transient_shortwave_scaling" time="26.135" /><testcase classname="tests.test_v228_fractional_arctic" name="test_phase_aware_maps_expose_open_water_and_local_ice_products" time="0.514" /><testcase classname="tests.test_v228_fractional_arctic" name="test_reference_cycle_bounds_and_closure_at_all_supported_resolutions" time="26.377" /><testcase classname="tests.test_v228_fractional_arctic" name="test_surface_reservoir_normalization_has_no_active_open_water_ceiling" time="0.057" /><testcase classname="tests.test_v228_fractional_arctic" name="test_stability_dependent_open_water_exchange_reaches_physical_limits" time="0.056" /><testcase classname="tests.test_v228_fractional_arctic" name="test_transient_shortwave_scaling_changes_only_the_anomaly" time="0.056" /><testcase classname="tests.test_v228_fractional_arctic" name="test_hidden_legacy_arctic_controls_have_zero_dynamical_effect" time="13.384" /><testcase classname="tests.test_v228_fractional_arctic" name="test_normal_interfaces_expose_structural_not_empirical_arctic_controls" time="0.001" /><testcase classname="tests.test_v228_fractional_arctic" name="test_diagnostics_use_area_weighted_local_ice_and_effective_fluxes" time="0.057" /><testcase classname="tests.test_v228_fractional_arctic" name="test_cache_is_bounded_and_sensitive_to_sector_and_exchange_inputs" time="10.747" /><testcase classname="tests.test_v22910_integrity_recovery" name="test_version_and_native_amoc_reference" time="39.618" /><testcase classname="tests.test_v22910_integrity_recovery" name="test_safe_checkpoint_round_trip_and_pickle_rejection" time="0.009" /><testcase classname="tests.test_v22910_integrity_recovery" name="test_runtime_provenance_covers_physics_orchestration_and_lockfiles" time="0.674" /><testcase classname="tests.test_v22910_integrity_recovery" name="test_same_version_source_fingerprint_mismatch_rejects_resume" time="0.008" /><testcase classname="tests.test_v22910_integrity_recovery" name="test_failed_nested_diagnostic_is_retried" time="0.275" /><testcase classname="tests.test_v22910_integrity_recovery" name="test_specific_targets_accept_200_with_default_start" time="0.001" /><testcase classname="tests.test_v22910_integrity_recovery" name="test_march_scientific_gate_rejects_large_forced_bias" time="0.008" /><testcase classname="tests.test_v22910_integrity_recovery" name="test_mean_timeseries_schema_is_not_percentile_schema" time="0.000" /><testcase classname="tests.test_v22911_target_baseline_safety" name="test_version_and_descending_target_semantics" time="0.000" /><testcase classname="tests.test_v22911_target_baseline_safety" name="test_common_amoc_baseline_is_supplied_not_inferred_from_forced_records" time="0.000" /><testcase classname="tests.test_v22911_target_baseline_safety" name="test_resume_fails_closed_without_primary_state" time="0.001" /><testcase classname="tests.test_v22911_target_baseline_safety" name="test_state_update_preserves_backup_and_explicit_recovery" time="0.020" /><testcase classname="tests.test_v22911_target_baseline_safety" name="test_state_reconstruction_from_checkpoint_metadata" time="0.024" /><testcase classname="tests.test_v22911_target_baseline_safety" name="test_safe_checkpoint_rejects_undeclared_archive_members" time="0.006" /><testcase classname="tests.test_v22911_target_baseline_safety" name="test_safe_checkpoint_enforces_resource_bound" time="0.004" /><testcase classname="tests.test_v22911_target_baseline_safety" name="test_runtime_provenance_hashes_distributions_and_backend" time="0.000" /><testcase classname="tests.test_v22912_monte_carlo_integrity" name="test_joint_prior_screen_uses_sampled_density_normalization" time="0.119" /><testcase classname="tests.test_v22912_monte_carlo_integrity" name="test_one_survivor_and_excess_failures_are_rejected" time="0.000" /><testcase classname="tests.test_v22912_monte_carlo_integrity" name="test_small_surviving_ensemble_is_explicitly_exploratory" time="0.000" /><testcase classname="tests.test_v22912_monte_carlo_integrity" name="test_concurrent_state_updates_preserve_both_writers" time="2.029" /><testcase classname="tests.test_v22912_monte_carlo_integrity" name="test_output_directory_lock_rejects_second_live_owner" time="0.010" /><testcase classname="tests.test_v22912_monte_carlo_integrity" name="test_corrupt_backup_falls_back_to_checkpoint_metadata" time="0.011" /><testcase classname="tests.test_v22912_monte_carlo_integrity" name="test_state_description_separates_attempted_success_failed_and_validated" time="0.009" /><testcase classname="tests.test_v22912_monte_carlo_integrity" name="test_lzma_compressed_checkpoint_is_rejected" time="0.005" /><testcase classname="tests.test_v22912_monte_carlo_integrity" name="test_npy_member_with_trailing_bytes_is_rejected" time="0.004" /><testcase classname="tests.test_v22913_integrity_amoc_baseline" name="test_simultaneous_stale_lock_reclamation_has_one_owner" time="1.636" /><testcase classname="tests.test_v22913_integrity_amoc_baseline" name="test_incompatible_backup_falls_through_to_checkpoint_metadata" time="0.016" /><testcase classname="tests.test_v22913_integrity_amoc_baseline" name="test_checkpoint_recovery_counts_terminal_failures" time="0.017" /><testcase classname="tests.test_v22913_integrity_amoc_baseline" name="test_builtin_science_prior_keeps_configured_amoc_anchor" time="0.112" /><testcase classname="tests.test_v22913_integrity_amoc_baseline" name="test_custom_amoc_reference_range_remains_available" time="0.000" /><testcase classname="tests.test_v22914_recovery_validation_seaice" name="test_real_target_failure_gets_canonical_nested_checkpoint_and_recovers" time="0.091" /><testcase classname="tests.test_v22914_recovery_validation_seaice" name="test_canonical_validation_json_is_insertion_order_independent" time="0.000" /><testcase classname="tests.test_v22914_recovery_validation_seaice" name="test_winter_lead_closure_conserves_ice_volume_and_never_creates_ice" time="0.001" /><testcase classname="tests.test_v22914_recovery_validation_seaice" name="test_winter_lead_closure_is_cold_season_selective" time="0.000" /><testcase classname="tests.test_v22914_recovery_validation_seaice" name="test_default_winter_lead_closure_contract_and_science_prior" time="0.000" /><testcase classname="tests.test_v22914_recovery_validation_seaice" name="test_release_packager_excludes_transient_validation_runner_files" time="0.075" /><testcase classname="tests.test_v22915_winter_seaice_integrity" name="test_v22915_version" time="0.001" /><testcase classname="tests.test_v22915_winter_seaice_integrity" name="test_winter_lead_closure_tapers_smoothly_at_vanishing_volume" time="0.003" /><testcase classname="tests.test_v22915_winter_seaice_integrity" name="test_winter_lead_closure_uses_actual_transient_temperature" time="0.000" /><testcase classname="tests.test_v22915_winter_seaice_integrity" name="test_saved_winter_fields_match_integrated_closure_state" time="0.537" /><testcase classname="tests.test_v22915_winter_seaice_integrity" name="test_v22915_packager_excludes_transient_work_files" time="0.023" /><testcase classname="tests.test_v22916_release_integrity" name="test_v22916_version" time="0.000" /><testcase classname="tests.test_v22916_release_integrity" name="test_signed_amoc_percent_weakening_decreases" time="0.001" /><testcase classname="tests.test_v22916_release_integrity" name="test_validation_task_provenance_rejects_stale_records" time="0.003" /><testcase classname="tests.test_v22916_release_integrity" name="test_validation_provenance_snapshot_is_frozen_before_execution" time="0.001" /><testcase classname="tests.test_v22916_release_integrity" name="test_subannual_arctic_state_and_saved_fields_are_exact" time="1.043" /><testcase classname="tests.test_v22916_release_integrity" name="test_monte_carlo_output_layout_source_contract" time="0.000" /><testcase classname="tests.test_v22916_release_integrity" name="test_v22916_audit_and_packager_cover_reviewed_files" time="0.000" /><testcase classname="tests.test_v22917_arctic_sweep_integrity" name="test_version_and_revised_arctic_defaults" time="0.000" /><testcase classname="tests.test_v22917_arctic_sweep_integrity" name="test_thin_ice_mapping_has_physical_small_volume_limit" time="0.065" /><testcase classname="tests.test_v22917_arctic_sweep_integrity" name="test_arctic_internal_cadence_is_outer_timestep_independent" time="0.066" /><testcase classname="tests.test_v22917_arctic_sweep_integrity" name="test_open_water_longwave_damping_is_active" time="0.130" /><testcase classname="tests.test_v22917_arctic_sweep_integrity" name="test_highly_compressible_safe_checkpoint_round_trip" time="0.046" /><testcase classname="tests.test_v22917_arctic_sweep_integrity" name="test_private_validation_pickle_rejects_unmarked_input" time="0.003" /><testcase classname="tests.test_v22917_arctic_sweep_integrity" name="test_partial_co2_member_keeps_other_targets" time="0.080" /><testcase classname="tests.test_v22917_arctic_sweep_integrity" name="test_march_temporal_target_uses_extent_not_raw_area" time="0.008" /><testcase classname="tests.test_v22917_gui_startup" name="test_new_ice_gui_setting_has_tooltip_metadata" time="0.000" /><testcase classname="tests.test_v22917_gui_startup" name="test_windowed_launcher_preserves_startup_traceback" time="0.000" /><testcase classname="tests.test_v22917_gui_startup" name="test_run_gui_has_console_fallback" time="0.000" /><testcase classname="tests.test_v22918_release_corrections" name="test_version_and_recalibrated_compactness_default" time="0.000" /><testcase classname="tests.test_v22918_release_corrections" name="test_compactness_properties_over_complete_prior_support[1.5-0.08-3.0]" time="0.069" /><testcase classname="tests.test_v22918_release_corrections" name="test_compactness_properties_over_complete_prior_support[1.5-0.08-4.0]" time="0.068" /><testcase classname="tests.test_v22918_release_corrections" name="test_compactness_properties_over_complete_prior_support[1.5-0.08-5.0]" time="0.069" /><testcase classname="tests.test_v22918_release_corrections" name="test_compactness_properties_over_complete_prior_support[1.5-0.15-3.0]" time="0.070" /><testcase classname="tests.test_v22918_release_corrections" name="test_compactness_properties_over_complete_prior_support[1.5-0.15-4.0]" time="0.069" /><testcase classname="tests.test_v22918_release_corrections" name="test_compactness_properties_over_complete_prior_support[1.5-0.15-5.0]" time="0.069" /><testcase classname="tests.test_v22918_release_corrections" name="test_compactness_properties_over_complete_prior_support[1.5-0.3-3.0]" time="0.068" /><testcase classname="tests.test_v22918_release_corrections" name="test_compactness_properties_over_complete_prior_support[1.5-0.3-4.0]" time="0.068" /><testcase classname="tests.test_v22918_release_corrections" name="test_compactness_properties_over_complete_prior_support[1.5-0.3-5.0]" time="0.068" /><testcase classname="tests.test_v22918_release_corrections" name="test_compactness_properties_over_complete_prior_support[2.0-0.08-3.0]" time="0.068" /><testcase classname="tests.test_v22918_release_corrections" name="test_compactness_properties_over_complete_prior_support[2.0-0.08-4.0]" time="0.069" /><testcase classname="tests.test_v22918_release_corrections" name="test_compactness_properties_over_complete_prior_support[2.0-0.08-5.0]" time="0.068" /><testcase classname="tests.test_v22918_release_corrections" name="test_compactness_properties_over_complete_prior_support[2.0-0.15-3.0]" time="0.068" /><testcase classname="tests.test_v22918_release_corrections" name="test_compactness_properties_over_complete_prior_support[2.0-0.15-4.0]" time="0.069" /><testcase classname="tests.test_v22918_release_corrections" name="test_compactness_properties_over_complete_prior_support[2.0-0.15-5.0]" time="0.070" /><testcase classname="tests.test_v22918_release_corrections" name="test_compactness_properties_over_complete_prior_support[2.0-0.3-3.0]" time="0.068" /><testcase classname="tests.test_v22918_release_corrections" name="test_compactness_properties_over_complete_prior_support[2.0-0.3-4.0]" time="0.068" /><testcase classname="tests.test_v22918_release_corrections" name="test_compactness_properties_over_complete_prior_support[2.0-0.3-5.0]" time="0.070" /><testcase classname="tests.test_v22918_release_corrections" name="test_compactness_properties_over_complete_prior_support[2.5-0.08-3.0]" time="0.070" /><testcase classname="tests.test_v22918_release_corrections" name="test_compactness_properties_over_complete_prior_support[2.5-0.08-4.0]" time="0.088" /><testcase classname="tests.test_v22918_release_corrections" name="test_compactness_properties_over_complete_prior_support[2.5-0.08-5.0]" time="0.071" /><testcase classname="tests.test_v22918_release_corrections" name="test_compactness_properties_over_complete_prior_support[2.5-0.15-3.0]" time="0.068" /><testcase classname="tests.test_v22918_release_corrections" name="test_compactness_properties_over_complete_prior_support[2.5-0.15-4.0]" time="0.067" /><testcase classname="tests.test_v22918_release_corrections" name="test_compactness_properties_over_complete_prior_support[2.5-0.15-5.0]" time="0.066" /><testcase classname="tests.test_v22918_release_corrections" name="test_compactness_properties_over_complete_prior_support[2.5-0.3-3.0]" time="0.066" /><testcase classname="tests.test_v22918_release_corrections" name="test_compactness_properties_over_complete_prior_support[2.5-0.3-4.0]" time="0.067" /><testcase classname="tests.test_v22918_release_corrections" name="test_compactness_properties_over_complete_prior_support[2.5-0.3-5.0]" time="0.067" /><testcase classname="tests.test_v22918_release_corrections" name="test_compactness_uses_a_bounded_young_ice_correction" time="0.064" /><testcase classname="tests.test_v22918_release_corrections" name="test_reference_cache_identity_includes_longwave_damping" time="26.633" /><testcase classname="tests.test_v22918_release_corrections" name="test_each_co2_target_has_independent_survival_gate" time="0.001" /><testcase classname="tests.test_v22918_release_corrections" name="test_quantitative_target_count_requires_explicit_exploratory_override" time="0.000" /><testcase classname="tests.test_v22918_release_corrections" name="test_requested_subquantitative_sweep_remains_explicitly_exploratory" time="0.000" /><testcase classname="tests.test_v22918_release_corrections" name="test_winter_transport_index_rejects_warm_dark_shoulder_season" time="0.067" /><testcase classname="tests.test_v22918_release_corrections" name="test_winter_transport_temperature_scale_must_be_positive" time="0.001" /><testcase classname="tests.test_v22918_release_corrections" name="test_compactness_controls_are_public_cli_inputs" time="0.004" /><testcase classname="tests.test_v22918_release_corrections" name="test_review_corrected_status_is_generated_only_after_complete_evidence" time="0.001" /><testcase classname="tests.test_v2291_arctic_phase_consistency" name="test_v2292_version_and_positive_coupling_validation" time="0.001" /><testcase classname="tests.test_v2291_arctic_phase_consistency" name="test_freeze_up_remaps_open_water_heat_conservatively" time="13.160" /><testcase classname="tests.test_v2291_arctic_phase_consistency" name="test_complete_ice_cover_has_no_dormant_open_water_heat" time="0.065" /><testcase classname="tests.test_v2291_arctic_phase_consistency" name="test_subgrid_opening_is_thermodynamically_closed" time="0.063" /><testcase classname="tests.test_v2291_arctic_phase_consistency" name="test_reference_ocean_targets_are_independent_parameters" time="26.136" /><testcase classname="tests.test_v2291_arctic_phase_consistency" name="test_arctic_open_water_temperature_is_timestep_convergent" time="42.832" /><testcase classname="tests.test_v2291_arctic_phase_consistency" name="test_lateral_excess_ice_heat_is_sourced_conservatively" time="0.065" /><testcase classname="tests.test_v2291_arctic_phase_consistency" name="test_public_default_parser_contains_reference_targets" time="0.003" /><testcase classname="tests.test_v22920_prognostic_sea_ice" name="test_version_and_constrained_production_defaults" time="0.000" /><testcase classname="tests.test_v22920_prognostic_sea_ice" name="test_cli_defaults_match_validated_model_defaults" time="0.003" /><testcase classname="tests.test_v22920_prognostic_sea_ice" name="test_desktop_gui_and_monte_carlo_defaults_match_validated_greenland_physics" time="0.000" /><testcase classname="tests.test_v22920_prognostic_sea_ice" name="test_release_configuration_rejects_old_high_transport_regime" time="0.001" /><testcase classname="tests.test_v22920_prognostic_sea_ice" name="test_state_copy_preserves_independent_concentration_arrays" time="0.065" /><testcase classname="tests.test_v22920_prognostic_sea_ice" name="test_complete_loss_and_thin_ice_recovery_are_physical" time="0.066" /><testcase classname="tests.test_v22920_prognostic_sea_ice" name="test_area_volume_identity_and_low_volume_support_cap" time="0.067" /><testcase classname="tests.test_v22920_prognostic_sea_ice" name="test_ridging_reduces_area_without_changing_supplied_volume" time="0.065" /><testcase classname="tests.test_v22920_prognostic_sea_ice" name="test_greenland_driver_ignores_raw_arctic_air_spike" time="0.066" /><testcase classname="tests.test_v22920_prognostic_sea_ice" name="test_local_thickness_is_bounded_without_changing_volume" time="0.065" /><testcase classname="tests.test_v22920_prognostic_sea_ice" name="test_explicit_greenland_smb_uses_modest_dynamic_discharge_default" time="0.000" /><testcase classname="tests.test_v22920_review_corrections" name="test_winter_transport_uses_actual_transient_temperature" time="0.063" /><testcase classname="tests.test_v22920_review_corrections" name="test_structural_validation_is_computed_and_integrated" time="0.839" /><testcase classname="tests.test_v22920_review_corrections" name="test_extent_metadata_is_explicitly_non_independent" time="0.000" /><testcase classname="tests.test_v22920_review_corrections" name="test_validation_duration_ends_at_2100" time="0.000" /><testcase classname="tests.test_v22920_review_corrections" name="test_combiner_cannot_classify_scientific_release_without_prospective_data" time="0.000" /><testcase classname="tests.test_v22920_review_corrections" name="test_fingerprint_covers_validation_dependencies_and_benchmarks" time="0.000" /><testcase classname="tests.test_v22922_engineering_corrections" name="test_v22922_regression_path_is_superseded_by_v22923_suite" time="0.000" /><testcase classname="tests.test_v22923_engineering_corrections" name="test_v22923_identity_and_primary_documentation_are_semantically_current" time="0.001" /><testcase classname="tests.test_v22923_engineering_corrections" name="test_release_tree_fingerprint_covers_all_release_integrity_categories" time="0.018" /><testcase classname="tests.test_v22923_engineering_corrections" name="test_release_tree_fingerprint_detects_post_test_source_mutation" time="0.002" /><testcase classname="tests.test_v22923_engineering_corrections" name="test_production_ledger_closes_actual_receiving_reservoirs" time="0.088" /><testcase classname="tests.test_v22923_engineering_corrections" name="test_suppressed_production_ocean_receiver_is_detected" time="0.088" /><testcase classname="tests.test_v22923_engineering_corrections" name="test_process_gate_uses_actual_receivers_and_implementation_mutants" time="1.347" /><testcase classname="tests.test_v22923_engineering_corrections" name="test_current_workflow_requires_tree_binding_and_packaging_smokes" time="0.000" /><testcase classname="tests.test_v22923_engineering_corrections" name="test_current_entrypoints_and_gui_metadata_are_complete" time="0.000" /><testcase classname="tests.test_v22923_engineering_corrections" name="test_documented_tool_entrypoints_import_from_release_root" time="1.066" /><testcase classname="tests.test_v22923_engineering_corrections" name="test_packaging_runtime_smoke_passes_in_minimal_release_environment" time="4.986" /><testcase classname="tests.test_v2292_release_integrity" name="test_version_and_complete_runner_configuration" time="0.000" /><testcase classname="tests.test_v2292_release_integrity" name="test_reference_cycle_adapts_beyond_minimum_and_enforces_closure" time="50.338" /><testcase classname="tests.test_v2292_release_integrity" name="test_reference_cycle_fails_if_hard_maximum_is_too_short" time="12.767" /><testcase classname="tests.test_v2292_release_integrity" name="test_disabled_seasonal_arctic_skips_reference_spinup" time="0.123" /><testcase classname="tests.test_v2292_release_integrity" name="test_salt_projection_reports_roundoff_and_rejects_structural_leak" time="14.023" /><testcase classname="tests.test_v2292_release_integrity" name="test_monte_carlo_safety_filters_apply_in_none_mode" time="0.534" /><testcase classname="tests.test_v2292_release_integrity" name="test_phase_restoring_flux_is_signed_and_symmetric" time="0.058" /><testcase classname="tests.test_v2292_release_integrity" name="test_summary_uses_configured_full_arctic_latitude" time="13.768" /><testcase classname="tests.test_v2292_release_integrity" name="test_gui_rejects_invalid_stability_exchange_pair" time="0.000" /><testcase classname="tests.test_v2292_release_integrity" name="test_streamlit_arctic_defaults_are_canonical_and_cross_validated" time="0.000" /><testcase classname="tests.test_v2292_release_integrity" name="test_streamlit_direct_modelconfig_defaults_are_canonical" time="0.015" /><testcase classname="tests.test_v2293_operational_safety" name="test_version_and_meinshausen_defaults_are_synchronized" time="0.003" /><testcase classname="tests.test_v2293_operational_safety" name="test_existing_output_is_preserved_without_explicit_overwrite" time="0.002" /><testcase classname="tests.test_v2293_operational_safety" name="test_resume_preserves_existing_output" time="0.001" /><testcase classname="tests.test_v2293_operational_safety" name="test_source_working_and_ancestor_paths_are_protected" time="0.001" /><testcase classname="tests.test_v2293_operational_safety" name="test_supervisor_checkpoints_resumes_and_cleans_stale_files" time="1.273" /><testcase classname="tests.test_v2293_operational_safety" name="test_supervisor_times_out_and_checkpoints_failure" time="0.257" /><testcase classname="tests.test_v2293_operational_safety" name="test_process_group_termination_stops_parent_and_children" time="0.258" /><testcase classname="tests.test_v2293_operational_safety" name="test_gui_contains_launch_close_race_guards" time="0.001" /><testcase classname="tests.test_v2293_operational_safety" name="test_unforced_continuous_control_is_exact_across_lead_transitions" time="4.586" /><testcase classname="tests.test_v2293_operational_safety" name="test_continuous_control_balance_preserves_real_perturbations" time="0.101" /><testcase classname="tests.test_v2294_accuracy_integrity" name="test_control_uses_continuous_residual_not_reference_bypass" time="0.900" /><testcase classname="tests.test_v2294_accuracy_integrity" name="test_subgrid_extent_is_conservative_and_not_sector_binary" time="0.058" /><testcase classname="tests.test_v2294_accuracy_integrity" name="test_area_identity_and_extent_only_operator_match_frozen_coefficients" time="0.000" /><testcase classname="tests.test_v2294_accuracy_integrity" name="test_evidence_roles_are_unambiguous_and_future_test_is_prospective" time="0.001" /><testcase classname="tests.test_v2294_accuracy_integrity" name="test_open_water_observational_envelope_and_warning" time="0.061" /><testcase classname="tests.test_v2294_accuracy_integrity" name="test_summary_labels_amoc_greenland_and_open_water_as_sensitivity_outputs" time="0.110" /><testcase classname="tests.test_v2294_accuracy_integrity" name="test_future_sea_ice_metrics_reject_annual_fixed_phase_sampling" time="0.748" /><testcase classname="tests.test_v2294_accuracy_integrity" name="test_release_validator_requires_high_forcing_sea_ice_ordering" time="0.000" /><testcase classname="tests.test_v2294_accuracy_integrity" name="test_direct_sea_ice_aggregator_matches_reconstructed_map" time="0.160" /><testcase classname="tests.test_v2294_accuracy_integrity" name="test_public_sea_ice_outputs_are_explicit_and_warned" time="0.002" /><testcase classname="tests.test_v2294_accuracy_integrity" name="test_summary_makes_native_thermodynamic_sea_ice_primary" time="0.113" /><testcase classname="tests.test_v2294_accuracy_integrity" name="test_saved_outputs_make_native_field_primary_and_keep_display_explicit" time="6.322" /><testcase classname="tests.test_v2294_accuracy_integrity" name="test_future_sea_ice_is_not_mislabeled_independent_prediction" time="0.000" /><testcase classname="tests.test_v2295_physical_integrity" name="test_version_native_cycle_and_amoc_physics_defaults" time="0.063" /><testcase classname="tests.test_v2295_physical_integrity" name="test_operator_is_identity_continuous_monotone_and_zero_preserving" time="0.001" /><testcase classname="tests.test_v2295_physical_integrity" name="test_zero_native_field_produces_zero_northern_maps" time="0.058" /><testcase classname="tests.test_v2295_physical_integrity" name="test_evidence_periods_are_not_mislabeled_independent" time="0.001" /><testcase classname="tests.test_v2295_physical_integrity" name="test_native_state_release_gates_are_explicit" time="0.012" /><testcase classname="tests.test_v2295_physical_integrity" name="test_oisst_record_uses_model_mask_and_does_not_overclaim_reproduction" time="0.000" /><testcase classname="tests.test_v2296_native_arctic_integrity" name="test_reference_cycle_has_no_active_emergency_thickness_cap" time="0.062" /><testcase classname="tests.test_v2296_native_arctic_integrity" name="test_winter_coverage_and_summer_retreat_are_direct_native_states" time="0.061" /><testcase classname="tests.test_v2296_native_arctic_integrity" name="test_northern_legacy_annual_ice_is_not_double_counted" time="0.060" /><testcase classname="tests.test_v2296_native_arctic_integrity" name="test_area_mapping_has_bounded_ratio_at_all_small_positive_values" time="0.004" /><testcase classname="tests.test_v2296_native_arctic_integrity" name="test_primary_map_and_legacy_alias_are_native" time="6.682" /><testcase classname="tests.test_v2296_native_arctic_integrity" name="test_summary_declares_native_area_primary" time="0.114" /><testcase classname="tests.test_v2296_native_arctic_integrity" name="test_nsidc_source_product_column_is_read_from_packaged_tables" time="0.002" /><testcase classname="tests.test_v2296_native_arctic_integrity" name="test_model_atlantic_fraction_is_used_by_oisst_processor" time="0.000" /><testcase classname="tests.test_v2296_native_arctic_integrity" name="test_validation_runner_preserves_completed_tasks_for_resume" time="0.000" /><testcase classname="tests.test_v2296_native_arctic_integrity" name="test_windows_ci_and_versioned_dependency_records_exist" time="0.000" /><testcase classname="tests.test_v2296_native_arctic_integrity" name="test_open_water_metadata_does_not_overclaim_quantitative_validation" time="0.000" /><testcase classname="tests.test_v2296_native_arctic_integrity" name="test_retuned_arctic_lapse_rate_closure_is_explicitly_documented" time="0.000" /><testcase classname="tests.test_v2296_native_arctic_integrity" name="test_positive_amoc_hydraulic_target_saturates_smoothly" time="0.059" /><testcase classname="tests.test_v2296_native_arctic_integrity" name="test_amoc_hydraulic_saturation_requires_headroom" time="0.001" /><testcase classname="tests.test_v2297_review_fixes" name="test_tuned_arctic_controls_have_cli_and_desktop_parity" time="0.003" /><testcase classname="tests.test_v2297_review_fixes" name="test_amoc_recovery_and_hosing_gate_match_v22910_recalibration" time="0.000" /><testcase classname="tests.test_v2297_review_fixes" name="test_selected_v22910_physics_defaults_are_frozen" time="0.000" /><testcase classname="tests.test_v2297_review_fixes" name="test_calibration_informed_arctic_and_amoc_closures_are_sampled" time="0.000" /><testcase classname="tests.test_v2297_review_fixes" name="test_march_2026_is_reported_as_inspected_evaluation" time="0.001" /><testcase classname="tests.test_v2297_review_fixes" name="test_oisst_bounds_are_descriptive_and_non_release_blocking" time="0.000" /><testcase classname="tests.test_v2297_review_fixes" name="test_dev_dependency_input_and_lock_are_consistent" time="0.000" /><testcase classname="tests.test_v2297_review_fixes" name="test_oisst_reproduction_workflow_is_packaged_without_fabricated_hashes" time="0.000" /><testcase classname="tests.test_v2297_review_fixes" name="test_packager_generates_full_file_manifest" time="0.000" /><testcase classname="tests.test_v2298_resumable_sweeps" name="test_specific_target_parser_and_gui_command" time="0.001" /><testcase classname="tests.test_v2298_resumable_sweeps" name="test_amoc_decline_uses_exact_supplied_initial_baseline" time="0.000" /><testcase classname="tests.test_v2298_resumable_sweeps" name="test_saved_clock_seed_and_checkpoint_discovery" time="0.009" /><testcase classname="tests.test_v2298_resumable_sweeps" name="test_failed_outer_checkpoint_can_be_retried" time="1.765" /><testcase classname="tests.test_v2298_resumable_sweeps" name="test_target_worker_resumes_each_saved_target" time="0.203" /><testcase classname="tests.test_v2298_resumable_sweeps" name="test_saved_gui_command_replaces_output_and_forces_resume" time="0.001" /><testcase classname="tests.test_v2298_resumable_sweeps" name="test_synthetic_specific_sweep_writes_decline_intervals" time="0.054" /><testcase classname="tests.test_v2298_resumable_sweeps" name="test_standard_monte_carlo_persists_and_reuses_resolved_seed" time="0.053" /><testcase classname="tests.test_v2299_scientific_review_fixes" name="test_version_and_reviewed_defaults" time="0.000" /><testcase classname="tests.test_v2299_scientific_review_fixes" name="test_conservative_compactness_curve_preserves_volume" time="0.062" /><testcase classname="tests.test_v2299_scientific_review_fixes" name="test_zero_lateral_restoring_is_valid_and_negative_is_rejected" time="13.570" /><testcase classname="tests.test_v2299_scientific_review_fixes" name="test_lateral_restoring_prior_has_twenty_percent_zero_branch" time="0.002" /><testcase classname="tests.test_v2299_scientific_review_fixes" name="test_public_ranges_cover_documented_prior_support" time="0.001" /><testcase classname="tests.test_v2299_scientific_review_fixes" name="test_historical_scores_are_explicitly_non_predictive" time="0.000" /><testcase classname="tests.test_v2299_scientific_review_fixes" name="test_march_trend_diagnostic_uses_predeclared_periods_and_uncertainty" time="0.008" /><testcase classname="tests.test_v2299_scientific_review_fixes" name="test_five_year_blocks_do_not_overlap" time="0.004" /><testcase classname="tests.test_v2299_scientific_review_fixes" name="test_native_amoc_reference_converges_without_canonical_substitution" time="13.872" /><testcase classname="tests.test_v229_coupled_arctic_ocean" name="test_reference_cycle_contains_periodic_sector_ocean_states" time="0.057" /><testcase classname="tests.test_v229_coupled_arctic_ocean" name="test_basal_heat_flux_increases_with_ocean_temperature" time="0.059" /><testcase classname="tests.test_v229_coupled_arctic_ocean" name="test_open_water_exchange_is_two_way" time="0.058" /><testcase classname="tests.test_v229_coupled_arctic_ocean" name="test_transient_ocean_surface_exchange_is_equal_and_opposite" time="13.656" /><testcase classname="tests.test_v229_coupled_arctic_ocean" name="test_reference_area_mean_resolution_spread_is_reduced" time="0.231" /></testsuite></testsuites>