<?xml version="1.0" encoding="utf-8"?><testsuites name="pytest tests"><testsuite name="pytest" errors="0" failures="0" skipped="0" tests="146" time="100.049" timestamp="2026-08-25T23:01:34.176440+07:00" hostname="WL-CTDV7G3"><testcase classname="tests.test_2026_arctic_observational_recalibration" name="test_recalibrated_arctic_defaults_are_locked_and_inside_declared_priors" time="0.001" /><testcase classname="tests.test_2026_arctic_observational_recalibration" name="test_repaired_core_five_observation_stack_is_complete" time="0.034" /><testcase classname="tests.test_2026_arctic_observational_recalibration" name="test_packaged_recalibration_enforces_level_trend_and_physical_gates" time="0.005" /><testcase classname="tests.test_v22928_release_finalization" name="test_v22928_identity_and_selected_defaults" time="0.001" /><testcase classname="tests.test_v22928_release_finalization" name="test_v22928_documents_are_synchronized" time="0.001" /><testcase classname="tests.test_v22928_release_finalization" name="test_v22928_current_evidence_is_fail_closed_and_osi_is_development_only" time="0.004" /><testcase classname="tests.test_v22928_release_finalization" name="test_v22928_retrospective_fold_local_manifest_is_semantically_honest" time="0.001" /><testcase classname="tests.test_v22928_release_finalization" name="test_v22928_scientific_wording_matches_fail_closed_status" time="0.000" /><testcase classname="tests.test_v22928_release_finalization" name="test_v22928_present_observational_sources_pass_hash_integrity" time="0.031" /><testcase classname="tests.test_v22928_coupled_fail_closed" name="test_resolution_loader_rejects_failed_coupled_run" time="0.007" /><testcase classname="tests.test_v22928_coupled_fail_closed" name="test_finalizer_rejects_two_failed_coupled_files_even_if_summary_claims_complete" time="0.013" /><testcase classname="tests.test_v22928_coupled_fail_closed" name="test_finalizer_rejects_fabricated_or_zero_test_evidence" time="0.002" /><testcase classname="tests.test_v22928_coupled_fail_closed" name="test_finalizer_rejects_mixed_canonical_artifact_generation" time="0.010" /><testcase classname="tests.test_v22928_coupled_fail_closed" name="test_current_coupled_entry_points_exist" time="0.001" /><testcase classname="tests.test_six_source_arctic_validation_stack" name="test_registry_has_exact_six_products_and_explicit_spatial_operators" time="0.000" /><testcase classname="tests.test_six_source_arctic_validation_stack" name="test_malformed_piomas_common_domain_evidence_is_rejected_fail_closed" time="0.009" /><testcase classname="tests.test_six_source_arctic_validation_stack" name="test_physical_gate_stays_closed_without_source_specific_operators" time="0.156" /><testcase classname="tests.test_six_source_arctic_validation_stack" name="test_stack_status_is_truthful_with_repaired_core_five_evidence" time="0.032" /><testcase classname="tests.test_six_source_arctic_validation_stack" name="test_ice_age_codes_exclude_land_and_unclassified_cells" time="0.001" /><testcase classname="tests.test_six_source_arctic_validation_stack" name="test_exact_spatial_operator_controls_area_and_volume" time="0.004" /><testcase classname="tests.test_six_source_arctic_validation_stack" name="test_satellite_temporal_operator_uses_record_specific_concentration_weights" time="0.004" /><testcase classname="tests.test_six_source_arctic_validation_stack" name="test_acquisition_script_uses_primary_icesat2_field_and_piomas_gridded_heff" time="0.001" /><testcase classname="tests.test_six_source_arctic_validation_stack" name="test_evaluate_result_surfaces_six_channels_and_remains_incomplete" time="0.303" /><testcase classname="tests.test_six_source_arctic_validation_stack" name="test_processed_transfer_bundle_excludes_raw_observation_files" time="0.319" /><testcase classname="tests.test_six_source_arctic_validation_stack" name="test_earthdata_link_filter_keeps_only_scientific_netcdf_payload" time="0.000" /><testcase classname="tests.test_six_source_arctic_validation_stack" name="test_open_dataset_uses_verified_netcdf_signature_without_suffix" time="0.038" /><testcase classname="tests.test_six_source_arctic_validation_stack" name="test_open_dataset_rejects_earthdata_html_or_metadata_sidecar" time="0.003" /><testcase classname="tests.test_six_source_arctic_validation_stack" name="test_nsidc_ice_age_uses_official_annual_v41_filename" time="0.000" /><testcase classname="tests.test_six_source_arctic_validation_stack" name="test_direct_nsidc_daac_download_uses_legacy_cookie_auth" time="0.004" /><testcase classname="tests.test_six_source_arctic_validation_stack" name="test_direct_nsidc_daac_download_requires_legacy_credentials" time="0.002" /><testcase classname="tests.test_six_source_arctic_validation_stack" name="test_nsidc_ice_age_archive_uses_data_subdirectory" time="0.000" /><testcase classname="tests.test_sea_ice_actual_fix" name="test_actual_fix_defaults_are_locked_and_exposed" time="0.001" /><testcase classname="tests.test_sea_ice_actual_fix" name="test_emergency_safeguards_are_not_science_priors" time="0.001" /><testcase classname="tests.test_sea_ice_actual_fix" name="test_local_safeguard_is_fail_fast_and_does_not_remap_area" time="23.730" /><testcase classname="tests.test_sea_ice_actual_fix" name="test_equivalent_safeguard_is_fail_fast_and_never_clips_or_transfers_energy" time="0.088" /><testcase classname="tests.test_sea_ice_actual_fix" name="test_thick_pack_resistance_is_monotone_and_only_scales_area_retreat_support" time="0.083" /><testcase classname="tests.test_sea_ice_actual_fix" name="test_forced_ocean_heat_convergence_is_active_and_conservative_above_onset" time="0.125" /><testcase classname="tests.test_v2297_review_fixes" name="test_tuned_arctic_controls_have_cli_and_desktop_parity" time="0.006" /><testcase classname="tests.test_v2297_review_fixes" name="test_amoc_recovery_and_hosing_gate_match_v22910_recalibration" time="0.001" /><testcase classname="tests.test_v2297_review_fixes" name="test_selected_v22910_physics_defaults_are_frozen" time="0.001" /><testcase classname="tests.test_v2297_review_fixes" name="test_calibration_informed_arctic_and_amoc_closures_are_sampled" time="0.001" /><testcase classname="tests.test_v2297_review_fixes" name="test_march_2026_is_reported_as_inspected_evaluation" time="0.001" /><testcase classname="tests.test_v2297_review_fixes" name="test_oisst_bounds_are_descriptive_and_non_release_blocking" time="0.001" /><testcase classname="tests.test_v2297_review_fixes" name="test_dev_dependency_input_and_lock_are_consistent" time="0.001" /><testcase classname="tests.test_v2297_review_fixes" name="test_oisst_reproduction_workflow_is_packaged_without_fabricated_hashes" time="0.001" /><testcase classname="tests.test_v2297_review_fixes" name="test_packager_generates_full_file_manifest" time="0.001" /><testcase classname="tests.test_2026_arctic_data_processing_repairs" name="test_osi_projected_kilometre_axes_become_625_km2_cells" time="0.003" /><testcase classname="tests.test_2026_arctic_data_processing_repairs" name="test_piomas_flat_binary_reader_detects_little_and_big_endian" time="0.013" /><testcase classname="tests.test_2026_arctic_data_processing_repairs" name="test_piomas_sanity_check_rejects_spurious_background" time="0.001" /><testcase classname="tests.test_2026_arctic_data_processing_repairs" name="test_piomas_source_is_either_corrected_or_fail_closed" time="0.006" /><testcase classname="tests.test_2026_arctic_data_processing_repairs" name="test_osi_monthly_selector_rejects_daily_files" time="0.001" /><testcase classname="tests.test_2026_arctic_data_processing_repairs" name="test_osi_source_is_either_corrected_monthly_or_fail_closed" time="0.010" /><testcase classname="tests.test_2026_sea_ice_scientific_review_fixes" name="test_raw_area_multiplier_is_not_used_by_default" time="0.001" /><testcase classname="tests.test_2026_sea_ice_scientific_review_fixes" name="test_extent_is_native_binary_15pct_threshold_without_fit" time="0.001" /><testcase classname="tests.test_2026_sea_ice_scientific_review_fixes" name="test_empirical_pack_resistance_is_disabled_and_forced_heat_response_is_bounded" time="0.000" /><testcase classname="tests.test_2026_sea_ice_scientific_review_fixes" name="test_cli_round_trip_preserves_new_heat_geometry_control" time="0.006" /><testcase classname="tests.test_2026_sea_ice_scientific_review_fixes" name="test_scientific_validation_fails_closed_until_required_data_exist" time="0.027" /><testcase classname="tests.test_2026_sea_ice_scientific_review_fixes" name="test_nested_hindcast_harness_recalibrates_each_fold_and_rejects_future_data" time="0.003" /><testcase classname="tests.test_v22917_arctic_sweep_integrity" name="test_version_and_revised_arctic_defaults" time="0.001" /><testcase classname="tests.test_v22917_arctic_sweep_integrity" name="test_thin_ice_mapping_has_physical_small_volume_limit" time="0.162" /><testcase classname="tests.test_v22917_arctic_sweep_integrity" name="test_arctic_internal_cadence_is_outer_timestep_independent" time="0.106" /><testcase classname="tests.test_v22917_arctic_sweep_integrity" name="test_open_water_longwave_damping_is_active" time="0.212" /><testcase classname="tests.test_v22917_arctic_sweep_integrity" name="test_highly_compressible_safe_checkpoint_round_trip" time="0.085" /><testcase classname="tests.test_v22917_arctic_sweep_integrity" name="test_private_validation_pickle_rejects_unmarked_input" time="0.011" /><testcase classname="tests.test_v22917_arctic_sweep_integrity" name="test_partial_co2_member_keeps_other_targets" time="0.130" /><testcase classname="tests.test_v22917_arctic_sweep_integrity" name="test_march_temporal_target_uses_extent_not_raw_area" time="0.014" /><testcase classname="tests.test_v22918_release_corrections" name="test_version_and_recalibrated_compactness_default" time="0.001" /><testcase classname="tests.test_v22918_release_corrections" name="test_compactness_properties_over_complete_prior_support[1.5-0.08-3.0]" time="0.114" /><testcase classname="tests.test_v22918_release_corrections" name="test_compactness_properties_over_complete_prior_support[1.5-0.08-4.0]" time="0.099" /><testcase classname="tests.test_v22918_release_corrections" name="test_compactness_properties_over_complete_prior_support[1.5-0.08-5.0]" time="0.102" /><testcase classname="tests.test_v22918_release_corrections" name="test_compactness_properties_over_complete_prior_support[1.5-0.15-3.0]" time="0.113" /><testcase classname="tests.test_v22918_release_corrections" name="test_compactness_properties_over_complete_prior_support[1.5-0.15-4.0]" time="0.121" /><testcase classname="tests.test_v22918_release_corrections" name="test_compactness_properties_over_complete_prior_support[1.5-0.15-5.0]" time="0.106" /><testcase classname="tests.test_v22918_release_corrections" name="test_compactness_properties_over_complete_prior_support[1.5-0.3-3.0]" time="0.111" /><testcase classname="tests.test_v22918_release_corrections" name="test_compactness_properties_over_complete_prior_support[1.5-0.3-4.0]" time="0.108" /><testcase classname="tests.test_v22918_release_corrections" name="test_compactness_properties_over_complete_prior_support[1.5-0.3-5.0]" time="0.121" /><testcase classname="tests.test_v22918_release_corrections" name="test_compactness_properties_over_complete_prior_support[2.0-0.08-3.0]" time="0.115" /><testcase classname="tests.test_v22918_release_corrections" name="test_compactness_properties_over_complete_prior_support[2.0-0.08-4.0]" time="0.103" /><testcase classname="tests.test_v22918_release_corrections" name="test_compactness_properties_over_complete_prior_support[2.0-0.08-5.0]" time="0.097" /><testcase classname="tests.test_v22918_release_corrections" name="test_compactness_properties_over_complete_prior_support[2.0-0.15-3.0]" time="0.129" /><testcase classname="tests.test_v22918_release_corrections" name="test_compactness_properties_over_complete_prior_support[2.0-0.15-4.0]" time="0.113" /><testcase classname="tests.test_v22918_release_corrections" name="test_compactness_properties_over_complete_prior_support[2.0-0.15-5.0]" time="0.102" /><testcase classname="tests.test_v22918_release_corrections" name="test_compactness_properties_over_complete_prior_support[2.0-0.3-3.0]" time="0.106" /><testcase classname="tests.test_v22918_release_corrections" name="test_compactness_properties_over_complete_prior_support[2.0-0.3-4.0]" time="0.105" /><testcase classname="tests.test_v22918_release_corrections" name="test_compactness_properties_over_complete_prior_support[2.0-0.3-5.0]" time="0.114" /><testcase classname="tests.test_v22918_release_corrections" name="test_compactness_properties_over_complete_prior_support[2.5-0.08-3.0]" time="0.117" /><testcase classname="tests.test_v22918_release_corrections" name="test_compactness_properties_over_complete_prior_support[2.5-0.08-4.0]" time="0.166" /><testcase classname="tests.test_v22918_release_corrections" name="test_compactness_properties_over_complete_prior_support[2.5-0.08-5.0]" time="0.117" /><testcase classname="tests.test_v22918_release_corrections" name="test_compactness_properties_over_complete_prior_support[2.5-0.15-3.0]" time="0.110" /><testcase classname="tests.test_v22918_release_corrections" name="test_compactness_properties_over_complete_prior_support[2.5-0.15-4.0]" time="0.116" /><testcase classname="tests.test_v22918_release_corrections" name="test_compactness_properties_over_complete_prior_support[2.5-0.15-5.0]" time="0.146" /><testcase classname="tests.test_v22918_release_corrections" name="test_compactness_properties_over_complete_prior_support[2.5-0.3-3.0]" time="0.101" /><testcase classname="tests.test_v22918_release_corrections" name="test_compactness_properties_over_complete_prior_support[2.5-0.3-4.0]" time="0.105" /><testcase classname="tests.test_v22918_release_corrections" name="test_compactness_properties_over_complete_prior_support[2.5-0.3-5.0]" time="0.108" /><testcase classname="tests.test_v22918_release_corrections" name="test_compactness_uses_a_bounded_young_ice_correction" time="0.109" /><testcase classname="tests.test_v22918_release_corrections" name="test_each_co2_target_has_independent_survival_gate" time="0.001" /><testcase classname="tests.test_v22918_release_corrections" name="test_quantitative_target_count_requires_explicit_exploratory_override" time="0.001" /><testcase classname="tests.test_v22918_release_corrections" name="test_requested_subquantitative_sweep_remains_explicitly_exploratory" time="0.000" /><testcase classname="tests.test_v22918_release_corrections" name="test_winter_transport_index_rejects_warm_dark_shoulder_season" time="0.100" /><testcase classname="tests.test_v22918_release_corrections" name="test_winter_transport_temperature_scale_must_be_positive" time="0.001" /><testcase classname="tests.test_v22918_release_corrections" name="test_compactness_controls_are_public_cli_inputs" time="0.010" /><testcase classname="tests.test_v22918_release_corrections" name="test_review_corrected_status_is_generated_only_after_complete_evidence" time="0.001" /><testcase classname="tests.test_v22920_prognostic_sea_ice" name="test_version_and_constrained_production_defaults" time="0.001" /><testcase classname="tests.test_v22920_prognostic_sea_ice" name="test_cli_defaults_match_validated_model_defaults" time="0.011" /><testcase classname="tests.test_v22920_prognostic_sea_ice" name="test_desktop_gui_and_monte_carlo_defaults_match_validated_greenland_physics" time="0.001" /><testcase classname="tests.test_v22920_prognostic_sea_ice" name="test_release_configuration_rejects_old_high_transport_regime" time="0.001" /><testcase classname="tests.test_v22920_prognostic_sea_ice" name="test_state_copy_preserves_independent_concentration_arrays" time="0.104" /><testcase classname="tests.test_v22920_prognostic_sea_ice" name="test_complete_loss_and_thin_ice_recovery_are_physical" time="0.106" /><testcase classname="tests.test_v22920_prognostic_sea_ice" name="test_area_volume_identity_and_low_volume_support_cap" time="0.114" /><testcase classname="tests.test_v22920_prognostic_sea_ice" name="test_ridging_reduces_area_without_changing_supplied_volume" time="0.114" /><testcase classname="tests.test_v22920_prognostic_sea_ice" name="test_greenland_driver_ignores_raw_arctic_air_spike" time="0.129" /><testcase classname="tests.test_v22920_prognostic_sea_ice" name="test_mechanical_spreading_precedes_separate_local_thickness_emergency_safeguard" time="0.219" /><testcase classname="tests.test_v22920_prognostic_sea_ice" name="test_mechanical_spreading_limit_fails_when_full_cover_cannot_hold_volume" time="0.105" /><testcase classname="tests.test_v22920_prognostic_sea_ice" name="test_explicit_greenland_smb_uses_modest_dynamic_discharge_default" time="0.001" /><testcase classname="tests.test_v22920_review_corrections" name="test_winter_transport_uses_actual_transient_temperature" time="0.122" /><testcase classname="tests.test_v22920_review_corrections" name="test_structural_validation_is_computed_and_integrated" time="1.610" /><testcase classname="tests.test_v22920_review_corrections" name="test_extent_metadata_excludes_the_historical_fitted_operator" time="0.001" /><testcase classname="tests.test_v22920_review_corrections" name="test_validation_duration_ends_at_2100" time="0.001" /><testcase classname="tests.test_v22920_review_corrections" name="test_combiner_cannot_classify_scientific_release_without_prospective_data" time="0.001" /><testcase classname="tests.test_v22920_review_corrections" name="test_fingerprint_covers_validation_dependencies_and_benchmarks" time="0.001" /><testcase classname="tests.test_v22922_engineering_corrections" name="test_v22922_regression_path_is_superseded_by_v22923_suite" time="0.001" /><testcase classname="tests.test_v22923_engineering_corrections" name="test_v22923_identity_and_primary_documentation_are_semantically_current" time="0.001" /><testcase classname="tests.test_v22923_engineering_corrections" name="test_release_tree_fingerprint_covers_all_release_integrity_categories" time="0.441" /><testcase classname="tests.test_v22923_engineering_corrections" name="test_release_tree_fingerprint_detects_post_test_source_mutation" time="0.014" /><testcase classname="tests.test_v22923_engineering_corrections" name="test_production_ledger_closes_actual_receiving_reservoirs" time="0.124" /><testcase classname="tests.test_v22923_engineering_corrections" name="test_suppressed_production_ocean_receiver_is_detected" time="0.122" /><testcase classname="tests.test_v22923_engineering_corrections" name="test_process_gate_uses_actual_receivers_and_implementation_mutants" time="2.168" /><testcase classname="tests.test_v22923_engineering_corrections" name="test_current_workflow_requires_tree_binding_and_packaging_smokes" time="0.001" /><testcase classname="tests.test_v22923_engineering_corrections" name="test_current_entrypoints_and_gui_metadata_are_complete" time="0.001" /><testcase classname="tests.test_v22923_engineering_corrections" name="test_documented_tool_entrypoints_import_from_release_root" time="0.472" /><testcase classname="tests.test_v22923_engineering_corrections" name="test_packaging_runtime_smoke_passes_in_minimal_release_environment" time="15.658" /><testcase classname="tests.test_v22925_review_cleanup" name="test_version_and_emergency_guard_semantics" time="0.001" /><testcase classname="tests.test_v22925_review_cleanup" name="test_tested_code_fingerprint_has_reproducible_inventory" time="0.945" /><testcase classname="tests.test_v22925_review_cleanup" name="test_local_guard_not_used_in_production_area_equations" time="0.009" /><testcase classname="tests.test_v2295_physical_integrity" name="test_version_native_cycle_and_amoc_physics_defaults" time="24.764" /><testcase classname="tests.test_v2299_scientific_review_fixes" name="test_version_and_reviewed_defaults" time="0.001" /><testcase classname="tests.test_v2299_scientific_review_fixes" name="test_conservative_compactness_curve_preserves_volume" time="0.085" /><testcase classname="tests.test_v2299_scientific_review_fixes" name="test_lateral_restoring_prior_has_twenty_percent_zero_branch" time="0.004" /><testcase classname="tests.test_v2299_scientific_review_fixes" name="test_public_ranges_cover_documented_prior_support" time="0.001" /><testcase classname="tests.test_v2299_scientific_review_fixes" name="test_historical_scores_are_explicitly_non_predictive" time="0.001" /><testcase classname="tests.test_v2299_scientific_review_fixes" name="test_march_trend_diagnostic_uses_predeclared_periods_and_uncertainty" time="0.010" /><testcase classname="tests.test_v2299_scientific_review_fixes" name="test_five_year_blocks_do_not_overlap" time="0.007" /><testcase classname="tests.test_v229_coupled_arctic_ocean" name="test_reference_cycle_contains_periodic_sector_ocean_states" time="0.081" /><testcase classname="tests.test_v229_coupled_arctic_ocean" name="test_basal_heat_flux_increases_with_ocean_temperature" time="0.085" /><testcase classname="tests.test_v229_coupled_arctic_ocean" name="test_open_water_exchange_is_two_way" time="0.085" /><testcase classname="tests.test_v229_coupled_arctic_ocean" name="test_transient_ocean_surface_exchange_is_equal_and_opposite" time="22.252" /></testsuite></testsuites>