<?xml version="1.0" encoding="utf-8"?><testsuites name="pytest tests"><testsuite name="pytest" errors="0" failures="0" skipped="0" tests="85" time="244.537" timestamp="2026-08-07T14:33:44.332588+00:00" hostname="47705d494444"><testcase classname="tests.test_v2292_release_integrity" name="test_version_and_complete_runner_configuration" time="0.019" /><testcase classname="tests.test_v2292_release_integrity" name="test_reference_cycle_adapts_beyond_minimum_and_enforces_closure" time="63.553" /><testcase classname="tests.test_v2292_release_integrity" name="test_reference_cycle_fails_if_hard_maximum_is_too_short" time="18.673" /><testcase classname="tests.test_v2292_release_integrity" name="test_disabled_seasonal_arctic_skips_reference_spinup" time="0.208" /><testcase classname="tests.test_v2292_release_integrity" name="test_salt_projection_reports_roundoff_and_rejects_structural_leak" time="21.769" /><testcase classname="tests.test_v2292_release_integrity" name="test_monte_carlo_safety_filters_apply_in_none_mode" time="0.757" /><testcase classname="tests.test_v2292_release_integrity" name="test_phase_restoring_flux_is_signed_and_deficit_bounded" time="0.083" /><testcase classname="tests.test_v2292_release_integrity" name="test_summary_uses_configured_full_arctic_latitude" time="22.062" /><testcase classname="tests.test_v2292_release_integrity" name="test_gui_rejects_invalid_stability_exchange_pair" time="0.000" /><testcase classname="tests.test_v2292_release_integrity" name="test_streamlit_arctic_defaults_are_canonical_and_cross_validated" time="0.001" /><testcase classname="tests.test_v2292_release_integrity" name="test_streamlit_direct_modelconfig_defaults_are_canonical" time="0.039" /><testcase classname="tests.test_v2293_operational_safety" name="test_version_and_meinshausen_defaults_are_synchronized" time="0.015" /><testcase classname="tests.test_v2293_operational_safety" name="test_existing_output_is_preserved_without_explicit_overwrite" time="0.001" /><testcase classname="tests.test_v2293_operational_safety" name="test_resume_preserves_existing_output" time="0.001" /><testcase classname="tests.test_v2293_operational_safety" name="test_source_working_and_ancestor_paths_are_protected" time="0.001" /><testcase classname="tests.test_v2293_operational_safety" name="test_supervisor_checkpoints_resumes_and_cleans_stale_files" time="2.975" /><testcase classname="tests.test_v2293_operational_safety" name="test_supervisor_times_out_and_checkpoints_failure" time="0.258" /><testcase classname="tests.test_v2293_operational_safety" name="test_process_group_termination_stops_parent_and_children" time="0.254" /><testcase classname="tests.test_v2293_operational_safety" name="test_gui_contains_launch_close_race_guards" time="0.001" /><testcase classname="tests.test_v2293_operational_safety" name="test_unforced_continuous_control_is_exact_across_lead_transitions" time="6.035" /><testcase classname="tests.test_v2293_operational_safety" name="test_continuous_control_balance_preserves_real_perturbations" time="0.115" /><testcase classname="tests.test_v2294_accuracy_integrity" name="test_control_uses_continuous_residual_not_reference_bypass" time="1.928" /><testcase classname="tests.test_v2294_accuracy_integrity" name="test_subgrid_extent_is_conservative_and_not_sector_binary" time="0.057" /><testcase classname="tests.test_v2294_accuracy_integrity" name="test_area_identity_and_extent_only_operator_match_frozen_coefficients" time="0.000" /><testcase classname="tests.test_v2294_accuracy_integrity" name="test_evidence_roles_are_unambiguous_and_future_test_is_prospective" time="0.000" /><testcase classname="tests.test_v2294_accuracy_integrity" name="test_open_water_observational_envelope_and_warning" time="0.073" /><testcase classname="tests.test_v2294_accuracy_integrity" name="test_summary_labels_amoc_greenland_and_open_water_as_sensitivity_outputs" time="0.125" /><testcase classname="tests.test_v2294_accuracy_integrity" name="test_future_sea_ice_metrics_reject_annual_fixed_phase_sampling" time="0.967" /><testcase classname="tests.test_v2294_accuracy_integrity" name="test_release_validator_requires_high_forcing_sea_ice_ordering" time="0.001" /><testcase classname="tests.test_v2294_accuracy_integrity" name="test_direct_sea_ice_aggregator_matches_reconstructed_map" time="0.205" /><testcase classname="tests.test_v2294_accuracy_integrity" name="test_public_sea_ice_outputs_are_explicit_and_warned" time="0.002" /><testcase classname="tests.test_v2294_accuracy_integrity" name="test_summary_makes_native_thermodynamic_sea_ice_primary" time="0.135" /><testcase classname="tests.test_v2294_accuracy_integrity" name="test_saved_outputs_make_native_field_primary_and_keep_display_explicit" time="9.433" /><testcase classname="tests.test_v2294_accuracy_integrity" name="test_future_sea_ice_is_not_mislabeled_independent_prediction" time="0.001" /><testcase classname="tests.test_v2295_physical_integrity" name="test_version_native_cycle_and_amoc_physics_defaults" time="0.065" /><testcase classname="tests.test_v2295_physical_integrity" name="test_operator_is_identity_continuous_monotone_and_zero_preserving" time="0.001" /><testcase classname="tests.test_v2295_physical_integrity" name="test_zero_native_field_produces_zero_northern_maps" time="0.078" /><testcase classname="tests.test_v2295_physical_integrity" name="test_evidence_periods_are_not_mislabeled_independent" time="0.000" /><testcase classname="tests.test_v2295_physical_integrity" name="test_native_state_release_gates_are_explicit" time="0.013" /><testcase classname="tests.test_v2295_physical_integrity" name="test_oisst_record_uses_model_mask_and_does_not_overclaim_reproduction" time="0.000" /><testcase classname="tests.test_v2296_native_arctic_integrity" name="test_reference_cycle_has_no_active_emergency_thickness_cap" time="0.087" /><testcase classname="tests.test_v2296_native_arctic_integrity" name="test_winter_coverage_and_summer_retreat_are_direct_native_states" time="0.075" /><testcase classname="tests.test_v2296_native_arctic_integrity" name="test_northern_legacy_annual_ice_is_not_double_counted" time="0.076" /><testcase classname="tests.test_v2296_native_arctic_integrity" name="test_area_mapping_has_bounded_ratio_at_all_small_positive_values" time="0.002" /><testcase classname="tests.test_v2296_native_arctic_integrity" name="test_primary_map_and_legacy_alias_are_native" time="11.848" /><testcase classname="tests.test_v2296_native_arctic_integrity" name="test_summary_declares_native_area_primary" time="0.298" /><testcase classname="tests.test_v2296_native_arctic_integrity" name="test_nsidc_source_product_column_is_read_from_packaged_tables" time="0.003" /><testcase classname="tests.test_v2296_native_arctic_integrity" name="test_model_atlantic_fraction_is_used_by_oisst_processor" time="0.000" /><testcase classname="tests.test_v2296_native_arctic_integrity" name="test_validation_runner_preserves_completed_tasks_for_resume" time="0.000" /><testcase classname="tests.test_v2296_native_arctic_integrity" name="test_windows_ci_and_versioned_dependency_records_exist" time="0.001" /><testcase classname="tests.test_v2296_native_arctic_integrity" name="test_open_water_metadata_does_not_overclaim_quantitative_validation" time="0.000" /><testcase classname="tests.test_v2296_native_arctic_integrity" name="test_retuned_arctic_lapse_rate_closure_is_explicitly_documented" time="0.000" /><testcase classname="tests.test_v2296_native_arctic_integrity" name="test_positive_amoc_hydraulic_target_saturates_smoothly" time="0.174" /><testcase classname="tests.test_v2296_native_arctic_integrity" name="test_amoc_hydraulic_saturation_requires_headroom" time="0.001" /><testcase classname="tests.test_v2297_review_fixes" name="test_tuned_arctic_controls_have_cli_and_desktop_parity" time="0.004" /><testcase classname="tests.test_v2297_review_fixes" name="test_amoc_recovery_and_hosing_gate_match_v22910_recalibration" time="0.001" /><testcase classname="tests.test_v2297_review_fixes" name="test_selected_v22910_physics_defaults_are_frozen" time="0.000" /><testcase classname="tests.test_v2297_review_fixes" name="test_calibration_informed_arctic_and_amoc_closures_are_sampled" time="0.000" /><testcase classname="tests.test_v2297_review_fixes" name="test_march_2026_is_reported_as_inspected_evaluation" time="0.002" /><testcase classname="tests.test_v2297_review_fixes" name="test_oisst_bounds_are_descriptive_and_non_release_blocking" time="0.000" /><testcase classname="tests.test_v2297_review_fixes" name="test_dev_dependency_input_and_lock_are_consistent" time="0.000" /><testcase classname="tests.test_v2297_review_fixes" name="test_oisst_reproduction_workflow_is_packaged_without_fabricated_hashes" time="0.000" /><testcase classname="tests.test_v2297_review_fixes" name="test_packager_generates_full_file_manifest" time="0.000" /><testcase classname="tests.test_v2298_resumable_sweeps" name="test_specific_target_parser_and_gui_command" time="0.001" /><testcase classname="tests.test_v2298_resumable_sweeps" name="test_amoc_decline_uses_exact_supplied_initial_baseline" time="0.000" /><testcase classname="tests.test_v2298_resumable_sweeps" name="test_saved_clock_seed_and_checkpoint_discovery" time="0.040" /><testcase classname="tests.test_v2298_resumable_sweeps" name="test_failed_outer_checkpoint_can_be_retried" time="5.339" /><testcase classname="tests.test_v2298_resumable_sweeps" name="test_target_worker_resumes_each_saved_target" time="0.409" /><testcase classname="tests.test_v2298_resumable_sweeps" name="test_saved_gui_command_replaces_output_and_forces_resume" time="0.001" /><testcase classname="tests.test_v2298_resumable_sweeps" name="test_synthetic_specific_sweep_writes_decline_intervals" time="2.228" /><testcase classname="tests.test_v2298_resumable_sweeps" name="test_standard_monte_carlo_persists_and_reuses_resolved_seed" time="0.228" /><testcase classname="tests.test_v2299_scientific_review_fixes" name="test_version_and_reviewed_defaults" time="0.001" /><testcase classname="tests.test_v2299_scientific_review_fixes" name="test_conservative_compactness_curve_preserves_volume" time="0.126" /><testcase classname="tests.test_v2299_scientific_review_fixes" name="test_zero_lateral_restoring_is_valid_and_negative_is_rejected" time="24.962" /><testcase classname="tests.test_v2299_scientific_review_fixes" name="test_lateral_restoring_prior_has_twenty_percent_zero_branch" time="0.001" /><testcase classname="tests.test_v2299_scientific_review_fixes" name="test_public_ranges_cover_documented_prior_support" time="0.000" /><testcase classname="tests.test_v2299_scientific_review_fixes" name="test_historical_scores_are_explicitly_non_predictive" time="0.000" /><testcase classname="tests.test_v2299_scientific_review_fixes" name="test_march_trend_diagnostic_uses_predeclared_periods_and_uncertainty" time="0.008" /><testcase classname="tests.test_v2299_scientific_review_fixes" name="test_five_year_blocks_do_not_overlap" time="0.004" /><testcase classname="tests.test_v2299_scientific_review_fixes" name="test_native_amoc_reference_converges_without_canonical_substitution" time="33.163" /><testcase classname="tests.test_v229_coupled_arctic_ocean" name="test_reference_cycle_contains_periodic_sector_ocean_states" time="0.067" /><testcase classname="tests.test_v229_coupled_arctic_ocean" name="test_basal_heat_flux_increases_with_ocean_temperature" time="0.057" /><testcase classname="tests.test_v229_coupled_arctic_ocean" name="test_open_water_exchange_is_two_way" time="0.055" /><testcase classname="tests.test_v229_coupled_arctic_ocean" name="test_transient_ocean_surface_exchange_is_equal_and_opposite" time="13.919" /><testcase classname="tests.test_v229_coupled_arctic_ocean" name="test_reference_area_mean_resolution_spread_is_reduced" time="0.221" /></testsuite></testsuites>