<?xml version="1.0" encoding="utf-8"?><testsuites name="pytest tests"><testsuite name="pytest" errors="0" failures="0" skipped="0" tests="74" time="204.672" timestamp="2026-08-07T14:33:44.213702+00:00" hostname="47705d494444"><testcase classname="tests.test_v228_fractional_arctic" name="test_v228_defaults_and_freshwater_are_preserved" time="0.017" /><testcase classname="tests.test_v228_fractional_arctic" name="test_fractional_reference_contains_simultaneous_ice_and_open_water_heat" time="17.159" /><testcase classname="tests.test_v228_fractional_arctic" name="test_local_ice_thickness_not_grid_equivalent_thickness_controls_conduction" time="0.180" /><testcase classname="tests.test_v228_fractional_arctic" name="test_atlantic_and_central_arctic_reference_cycles_are_distinct_and_periodic" time="0.071" /><testcase classname="tests.test_v228_fractional_arctic" name="test_unforced_two_reservoir_control_is_stable" time="1.789" /><testcase classname="tests.test_v228_fractional_arctic" name="test_reference_cycle_is_independent_of_transient_shortwave_scaling" time="29.122" /><testcase classname="tests.test_v228_fractional_arctic" name="test_phase_aware_maps_expose_open_water_and_local_ice_products" time="0.669" /><testcase classname="tests.test_v228_fractional_arctic" name="test_reference_cycle_bounds_and_closure_at_all_supported_resolutions" time="40.377" /><testcase classname="tests.test_v228_fractional_arctic" name="test_surface_reservoir_normalization_has_no_active_open_water_ceiling" time="0.119" /><testcase classname="tests.test_v228_fractional_arctic" name="test_stability_dependent_open_water_exchange_reaches_physical_limits" time="0.113" /><testcase classname="tests.test_v228_fractional_arctic" name="test_transient_shortwave_scaling_changes_only_the_anomaly" time="0.075" /><testcase classname="tests.test_v228_fractional_arctic" name="test_hidden_legacy_arctic_controls_have_zero_dynamical_effect" time="18.745" /><testcase classname="tests.test_v228_fractional_arctic" name="test_normal_interfaces_expose_structural_not_empirical_arctic_controls" time="0.002" /><testcase classname="tests.test_v228_fractional_arctic" name="test_diagnostics_use_area_weighted_local_ice_and_effective_fluxes" time="0.064" /><testcase classname="tests.test_v228_fractional_arctic" name="test_cache_is_bounded_and_sensitive_to_sector_and_exchange_inputs" time="16.774" /><testcase classname="tests.test_v22910_integrity_recovery" name="test_version_and_native_amoc_reference" time="70.072" /><testcase classname="tests.test_v22910_integrity_recovery" name="test_safe_checkpoint_round_trip_and_pickle_rejection" time="0.007" /><testcase classname="tests.test_v22910_integrity_recovery" name="test_runtime_provenance_covers_physics_orchestration_and_lockfiles" time="0.646" /><testcase classname="tests.test_v22910_integrity_recovery" name="test_same_version_source_fingerprint_mismatch_rejects_resume" time="0.007" /><testcase classname="tests.test_v22910_integrity_recovery" name="test_failed_nested_diagnostic_is_retried" time="0.137" /><testcase classname="tests.test_v22910_integrity_recovery" name="test_specific_targets_accept_200_with_default_start" time="0.001" /><testcase classname="tests.test_v22910_integrity_recovery" name="test_march_scientific_gate_rejects_large_forced_bias" time="0.008" /><testcase classname="tests.test_v22910_integrity_recovery" name="test_mean_timeseries_schema_is_not_percentile_schema" time="0.000" /><testcase classname="tests.test_v22911_target_baseline_safety" name="test_version_and_descending_target_semantics" time="0.001" /><testcase classname="tests.test_v22911_target_baseline_safety" name="test_common_amoc_baseline_is_supplied_not_inferred_from_forced_records" time="0.000" /><testcase classname="tests.test_v22911_target_baseline_safety" name="test_resume_fails_closed_without_primary_state" time="0.001" /><testcase classname="tests.test_v22911_target_baseline_safety" name="test_state_update_preserves_backup_and_explicit_recovery" time="0.017" /><testcase classname="tests.test_v22911_target_baseline_safety" name="test_state_reconstruction_from_checkpoint_metadata" time="0.009" /><testcase classname="tests.test_v22911_target_baseline_safety" name="test_safe_checkpoint_rejects_undeclared_archive_members" time="0.003" /><testcase classname="tests.test_v22911_target_baseline_safety" name="test_safe_checkpoint_enforces_resource_bound" time="0.004" /><testcase classname="tests.test_v22911_target_baseline_safety" name="test_runtime_provenance_hashes_distributions_and_backend" time="0.000" /><testcase classname="tests.test_v22912_monte_carlo_integrity" name="test_joint_prior_screen_uses_sampled_density_normalization" time="0.107" /><testcase classname="tests.test_v22912_monte_carlo_integrity" name="test_one_survivor_and_excess_failures_are_rejected" time="0.000" /><testcase classname="tests.test_v22912_monte_carlo_integrity" name="test_small_surviving_ensemble_is_explicitly_exploratory" time="0.000" /><testcase classname="tests.test_v22912_monte_carlo_integrity" name="test_concurrent_state_updates_preserve_both_writers" time="2.419" /><testcase classname="tests.test_v22912_monte_carlo_integrity" name="test_output_directory_lock_rejects_second_live_owner" time="0.003" /><testcase classname="tests.test_v22912_monte_carlo_integrity" name="test_corrupt_backup_falls_back_to_checkpoint_metadata" time="0.016" /><testcase classname="tests.test_v22912_monte_carlo_integrity" name="test_state_description_separates_attempted_success_failed_and_validated" time="0.009" /><testcase classname="tests.test_v22912_monte_carlo_integrity" name="test_lzma_compressed_checkpoint_is_rejected" time="0.013" /><testcase classname="tests.test_v22912_monte_carlo_integrity" name="test_npy_member_with_trailing_bytes_is_rejected" time="0.003" /><testcase classname="tests.test_v22913_integrity_amoc_baseline" name="test_simultaneous_stale_lock_reclamation_has_one_owner" time="2.220" /><testcase classname="tests.test_v22913_integrity_amoc_baseline" name="test_incompatible_backup_falls_through_to_checkpoint_metadata" time="0.010" /><testcase classname="tests.test_v22913_integrity_amoc_baseline" name="test_checkpoint_recovery_counts_terminal_failures" time="0.019" /><testcase classname="tests.test_v22913_integrity_amoc_baseline" name="test_builtin_science_prior_keeps_configured_amoc_anchor" time="0.110" /><testcase classname="tests.test_v22913_integrity_amoc_baseline" name="test_custom_amoc_reference_range_remains_available" time="0.000" /><testcase classname="tests.test_v22914_recovery_validation_seaice" name="test_real_target_failure_gets_canonical_nested_checkpoint_and_recovers" time="0.091" /><testcase classname="tests.test_v22914_recovery_validation_seaice" name="test_canonical_validation_json_is_insertion_order_independent" time="0.000" /><testcase classname="tests.test_v22914_recovery_validation_seaice" name="test_winter_lead_closure_conserves_ice_volume_and_never_creates_ice" time="0.001" /><testcase classname="tests.test_v22914_recovery_validation_seaice" name="test_winter_lead_closure_is_cold_season_selective" time="0.000" /><testcase classname="tests.test_v22914_recovery_validation_seaice" name="test_default_winter_lead_closure_contract_and_science_prior" time="0.000" /><testcase classname="tests.test_v22914_recovery_validation_seaice" name="test_release_packager_excludes_transient_validation_runner_files" time="0.017" /><testcase classname="tests.test_v22915_winter_seaice_integrity" name="test_v22915_version" time="0.000" /><testcase classname="tests.test_v22915_winter_seaice_integrity" name="test_winter_lead_closure_tapers_smoothly_at_vanishing_volume" time="0.001" /><testcase classname="tests.test_v22915_winter_seaice_integrity" name="test_winter_lead_closure_uses_actual_transient_temperature" time="0.001" /><testcase classname="tests.test_v22915_winter_seaice_integrity" name="test_saved_winter_fields_match_integrated_closure_state" time="0.712" /><testcase classname="tests.test_v22915_winter_seaice_integrity" name="test_v22915_packager_excludes_transient_work_files" time="0.027" /><testcase classname="tests.test_v22916_release_integrity" name="test_v22916_version" time="0.000" /><testcase classname="tests.test_v22916_release_integrity" name="test_signed_amoc_percent_weakening_decreases" time="0.001" /><testcase classname="tests.test_v22916_release_integrity" name="test_validation_task_provenance_rejects_stale_records" time="0.003" /><testcase classname="tests.test_v22916_release_integrity" name="test_validation_provenance_snapshot_is_frozen_before_execution" time="0.002" /><testcase classname="tests.test_v22916_release_integrity" name="test_subannual_arctic_state_and_saved_fields_are_exact" time="1.062" /><testcase classname="tests.test_v22916_release_integrity" name="test_monte_carlo_output_layout_source_contract" time="0.000" /><testcase classname="tests.test_v22916_release_integrity" name="test_v22916_audit_and_packager_cover_reviewed_files" time="0.000" /><testcase classname="tests.test_v22917_arctic_sweep_integrity" name="test_version_and_revised_arctic_defaults" time="0.000" /><testcase classname="tests.test_v22917_arctic_sweep_integrity" name="test_thin_ice_mapping_has_physical_small_volume_limit" time="0.062" /><testcase classname="tests.test_v22917_arctic_sweep_integrity" name="test_arctic_internal_cadence_is_outer_timestep_independent" time="0.063" /><testcase classname="tests.test_v22917_arctic_sweep_integrity" name="test_open_water_longwave_damping_is_active" time="0.126" /><testcase classname="tests.test_v22917_arctic_sweep_integrity" name="test_highly_compressible_safe_checkpoint_round_trip" time="0.051" /><testcase classname="tests.test_v22917_arctic_sweep_integrity" name="test_private_validation_pickle_rejects_unmarked_input" time="0.002" /><testcase classname="tests.test_v22917_arctic_sweep_integrity" name="test_partial_co2_member_keeps_other_targets" time="0.074" /><testcase classname="tests.test_v22917_arctic_sweep_integrity" name="test_march_temporal_target_uses_extent_not_raw_area" time="0.007" /><testcase classname="tests.test_v22917_gui_startup" name="test_new_ice_gui_setting_has_tooltip_metadata" time="0.000" /><testcase classname="tests.test_v22917_gui_startup" name="test_windowed_launcher_preserves_startup_traceback" time="0.000" /><testcase classname="tests.test_v22917_gui_startup" name="test_run_gui_has_console_fallback" time="0.000" /></testsuite></testsuites>