<?xml version="1.0" encoding="utf-8"?><testsuites name="pytest tests"><testsuite name="pytest" errors="0" failures="0" skipped="0" tests="73" time="175.305" timestamp="2026-08-07T14:33:44.209026+00:00" hostname="47705d494444"><testcase classname="tests.test_v22918_release_corrections" name="test_version_and_recalibrated_compactness_default" time="0.018" /><testcase classname="tests.test_v22918_release_corrections" name="test_compactness_properties_over_complete_prior_support[1.5-0.08-3.0]" time="0.070" /><testcase classname="tests.test_v22918_release_corrections" name="test_compactness_properties_over_complete_prior_support[1.5-0.08-4.0]" time="0.194" /><testcase classname="tests.test_v22918_release_corrections" name="test_compactness_properties_over_complete_prior_support[1.5-0.08-5.0]" time="0.068" /><testcase classname="tests.test_v22918_release_corrections" name="test_compactness_properties_over_complete_prior_support[1.5-0.15-3.0]" time="0.065" /><testcase classname="tests.test_v22918_release_corrections" name="test_compactness_properties_over_complete_prior_support[1.5-0.15-4.0]" time="0.065" /><testcase classname="tests.test_v22918_release_corrections" name="test_compactness_properties_over_complete_prior_support[1.5-0.15-5.0]" time="0.064" /><testcase classname="tests.test_v22918_release_corrections" name="test_compactness_properties_over_complete_prior_support[1.5-0.3-3.0]" time="0.064" /><testcase classname="tests.test_v22918_release_corrections" name="test_compactness_properties_over_complete_prior_support[1.5-0.3-4.0]" time="0.068" /><testcase classname="tests.test_v22918_release_corrections" name="test_compactness_properties_over_complete_prior_support[1.5-0.3-5.0]" time="0.066" /><testcase classname="tests.test_v22918_release_corrections" name="test_compactness_properties_over_complete_prior_support[2.0-0.08-3.0]" time="0.077" /><testcase classname="tests.test_v22918_release_corrections" name="test_compactness_properties_over_complete_prior_support[2.0-0.08-4.0]" time="0.079" /><testcase classname="tests.test_v22918_release_corrections" name="test_compactness_properties_over_complete_prior_support[2.0-0.08-5.0]" time="0.070" /><testcase classname="tests.test_v22918_release_corrections" name="test_compactness_properties_over_complete_prior_support[2.0-0.15-3.0]" time="0.066" /><testcase classname="tests.test_v22918_release_corrections" name="test_compactness_properties_over_complete_prior_support[2.0-0.15-4.0]" time="0.092" /><testcase classname="tests.test_v22918_release_corrections" name="test_compactness_properties_over_complete_prior_support[2.0-0.15-5.0]" time="0.067" /><testcase classname="tests.test_v22918_release_corrections" name="test_compactness_properties_over_complete_prior_support[2.0-0.3-3.0]" time="0.069" /><testcase classname="tests.test_v22918_release_corrections" name="test_compactness_properties_over_complete_prior_support[2.0-0.3-4.0]" time="0.066" /><testcase classname="tests.test_v22918_release_corrections" name="test_compactness_properties_over_complete_prior_support[2.0-0.3-5.0]" time="0.091" /><testcase classname="tests.test_v22918_release_corrections" name="test_compactness_properties_over_complete_prior_support[2.5-0.08-3.0]" time="0.095" /><testcase classname="tests.test_v22918_release_corrections" name="test_compactness_properties_over_complete_prior_support[2.5-0.08-4.0]" time="0.077" /><testcase classname="tests.test_v22918_release_corrections" name="test_compactness_properties_over_complete_prior_support[2.5-0.08-5.0]" time="0.067" /><testcase classname="tests.test_v22918_release_corrections" name="test_compactness_properties_over_complete_prior_support[2.5-0.15-3.0]" time="0.067" /><testcase classname="tests.test_v22918_release_corrections" name="test_compactness_properties_over_complete_prior_support[2.5-0.15-4.0]" time="0.068" /><testcase classname="tests.test_v22918_release_corrections" name="test_compactness_properties_over_complete_prior_support[2.5-0.15-5.0]" time="0.065" /><testcase classname="tests.test_v22918_release_corrections" name="test_compactness_properties_over_complete_prior_support[2.5-0.3-3.0]" time="0.066" /><testcase classname="tests.test_v22918_release_corrections" name="test_compactness_properties_over_complete_prior_support[2.5-0.3-4.0]" time="0.079" /><testcase classname="tests.test_v22918_release_corrections" name="test_compactness_properties_over_complete_prior_support[2.5-0.3-5.0]" time="0.067" /><testcase classname="tests.test_v22918_release_corrections" name="test_compactness_uses_a_bounded_young_ice_correction" time="0.062" /><testcase classname="tests.test_v22918_release_corrections" name="test_reference_cache_identity_includes_longwave_damping" time="30.954" /><testcase classname="tests.test_v22918_release_corrections" name="test_each_co2_target_has_independent_survival_gate" time="0.001" /><testcase classname="tests.test_v22918_release_corrections" name="test_quantitative_target_count_requires_explicit_exploratory_override" time="0.000" /><testcase classname="tests.test_v22918_release_corrections" name="test_requested_subquantitative_sweep_remains_explicitly_exploratory" time="0.000" /><testcase classname="tests.test_v22918_release_corrections" name="test_winter_transport_index_rejects_warm_dark_shoulder_season" time="0.075" /><testcase classname="tests.test_v22918_release_corrections" name="test_winter_transport_temperature_scale_must_be_positive" time="0.001" /><testcase classname="tests.test_v22918_release_corrections" name="test_compactness_controls_are_public_cli_inputs" time="0.004" /><testcase classname="tests.test_v22918_release_corrections" name="test_review_corrected_status_is_generated_only_after_complete_evidence" time="0.001" /><testcase classname="tests.test_v2291_arctic_phase_consistency" name="test_v2292_version_and_positive_coupling_validation" time="0.001" /><testcase classname="tests.test_v2291_arctic_phase_consistency" name="test_freeze_up_remaps_open_water_heat_conservatively" time="16.808" /><testcase classname="tests.test_v2291_arctic_phase_consistency" name="test_complete_ice_cover_has_no_dormant_open_water_heat" time="0.129" /><testcase classname="tests.test_v2291_arctic_phase_consistency" name="test_subgrid_opening_is_thermodynamically_closed" time="0.106" /><testcase classname="tests.test_v2291_arctic_phase_consistency" name="test_reference_ocean_targets_are_independent_parameters" time="41.222" /><testcase classname="tests.test_v2291_arctic_phase_consistency" name="test_arctic_open_water_temperature_is_timestep_convergent" time="61.351" /><testcase classname="tests.test_v2291_arctic_phase_consistency" name="test_lateral_excess_ice_heat_is_sourced_conservatively" time="0.063" /><testcase classname="tests.test_v2291_arctic_phase_consistency" name="test_public_default_parser_contains_reference_targets" time="0.004" /><testcase classname="tests.test_v22920_prognostic_sea_ice" name="test_version_and_constrained_production_defaults" time="0.000" /><testcase classname="tests.test_v22920_prognostic_sea_ice" name="test_cli_defaults_match_validated_model_defaults" time="0.003" /><testcase classname="tests.test_v22920_prognostic_sea_ice" name="test_desktop_gui_and_monte_carlo_defaults_match_validated_greenland_physics" time="0.000" /><testcase classname="tests.test_v22920_prognostic_sea_ice" name="test_release_configuration_rejects_old_high_transport_regime" time="0.001" /><testcase classname="tests.test_v22920_prognostic_sea_ice" name="test_state_copy_preserves_independent_concentration_arrays" time="0.094" /><testcase classname="tests.test_v22920_prognostic_sea_ice" name="test_complete_loss_and_thin_ice_recovery_are_physical" time="0.112" /><testcase classname="tests.test_v22920_prognostic_sea_ice" name="test_area_volume_identity_and_low_volume_support_cap" time="0.123" /><testcase classname="tests.test_v22920_prognostic_sea_ice" name="test_ridging_reduces_area_without_changing_supplied_volume" time="0.129" /><testcase classname="tests.test_v22920_prognostic_sea_ice" name="test_greenland_driver_ignores_raw_arctic_air_spike" time="0.083" /><testcase classname="tests.test_v22920_prognostic_sea_ice" name="test_local_thickness_is_bounded_without_changing_volume" time="0.081" /><testcase classname="tests.test_v22920_prognostic_sea_ice" name="test_explicit_greenland_smb_uses_modest_dynamic_discharge_default" time="0.000" /><testcase classname="tests.test_v22920_review_corrections" name="test_winter_transport_uses_actual_transient_temperature" time="0.084" /><testcase classname="tests.test_v22920_review_corrections" name="test_structural_validation_is_computed_and_integrated" time="1.381" /><testcase classname="tests.test_v22920_review_corrections" name="test_extent_metadata_is_explicitly_non_independent" time="0.000" /><testcase classname="tests.test_v22920_review_corrections" name="test_validation_duration_ends_at_2100" time="0.000" /><testcase classname="tests.test_v22920_review_corrections" name="test_combiner_cannot_classify_scientific_release_without_prospective_data" time="0.000" /><testcase classname="tests.test_v22920_review_corrections" name="test_fingerprint_covers_validation_dependencies_and_benchmarks" time="0.000" /><testcase classname="tests.test_v22922_engineering_corrections" name="test_v22922_regression_path_is_superseded_by_v22923_suite" time="0.000" /><testcase classname="tests.test_v22923_engineering_corrections" name="test_v22923_identity_and_primary_documentation_are_semantically_current" time="0.001" /><testcase classname="tests.test_v22923_engineering_corrections" name="test_release_tree_fingerprint_covers_all_release_integrity_categories" time="0.029" /><testcase classname="tests.test_v22923_engineering_corrections" name="test_release_tree_fingerprint_detects_post_test_source_mutation" time="0.003" /><testcase classname="tests.test_v22923_engineering_corrections" name="test_production_ledger_closes_actual_receiving_reservoirs" time="0.141" /><testcase classname="tests.test_v22923_engineering_corrections" name="test_corrupted_production_ocean_receiver_is_detected" time="0.155" /><testcase classname="tests.test_v22923_engineering_corrections" name="test_process_gate_uses_actual_receivers_and_implementation_mutants" time="3.036" /><testcase classname="tests.test_v22923_engineering_corrections" name="test_current_workflow_requires_tree_binding_and_packaging_smokes" time="0.001" /><testcase classname="tests.test_v22923_engineering_corrections" name="test_current_entrypoints_and_gui_metadata_are_complete" time="0.001" /><testcase classname="tests.test_v22923_engineering_corrections" name="test_documented_tool_entrypoints_import_from_release_root" time="2.682" /><testcase classname="tests.test_v22923_engineering_corrections" name="test_packaging_runtime_smoke_passes_in_minimal_release_environment" time="12.986" /></testsuite></testsuites>