<?xml version="1.0" encoding="utf-8"?><testsuites name="pytest tests"><testsuite name="pytest" errors="0" failures="0" skipped="0" tests="88" time="788.194" timestamp="2026-08-07T14:34:36.319771+00:00" hostname="47705d494444"><testcase classname="tests.test_property_conservation" name="test_advective_and_mixing_tendencies_conserve_total_salt" time="0.019" /><testcase classname="tests.test_property_conservation" name="test_surface_freshwater_redistribution_has_zero_global_anomaly" time="0.001" /><testcase classname="tests.test_property_conservation" name="test_amoc_heat_redistribution_is_globally_conservative" time="0.001" /><testcase classname="tests.test_property_conservation" name="test_short_integrations_preserve_salt" time="104.460" /><testcase classname="tests.test_review_fixes" name="test_hybrid_switch_must_be_inside_requested_run" time="0.001" /><testcase classname="tests.test_review_fixes" name="test_ssp460_summary_reports_automatic_initialization" time="42.143" /><testcase classname="tests.test_review_fixes" name="test_meinshausen_forcing_is_zero_at_reference_and_exact_at_doubling" time="0.078" /><testcase classname="tests.test_review_fixes" name="test_meinshausen_high_co2_curvature_differs_from_logarithmic" time="0.153" /><testcase classname="tests.test_review_fixes" name="test_monte_carlo_rejects_experiment_controls" time="0.001" /><testcase classname="tests.test_review_fixes" name="test_monte_carlo_accepts_whitelisted_physical_parameters" time="0.000" /><testcase classname="tests.test_review_fixes" name="test_duration_classifier_rejects_sustained_recovery" time="0.001" /><testcase classname="tests.test_review_fixes" name="test_zero_recovery_threshold_allows_no_recovery_but_rejects_any_recovery" time="0.001" /><testcase classname="tests.test_review_fixes" name="test_duration_classifier_accepts_persistent_weak_state" time="0.001" /><testcase classname="tests.test_review_fixes" name="test_monotonicity_check_and_isotonic_projection" time="0.000" /><testcase classname="tests.test_review_fixes" name="test_threshold_estimates_include_bootstrap_interval" time="0.000" /><testcase classname="tests.test_review_fixes" name="test_structural_amoc_modes_are_explicit_and_operational" time="0.192" /><testcase classname="tests.test_sea_ice_actual_fix" name="test_actual_fix_defaults_are_locked_and_exposed" time="0.001" /><testcase classname="tests.test_sea_ice_actual_fix" name="test_active_transient_ocean_processes_are_in_physical_priors" time="0.000" /><testcase classname="tests.test_sea_ice_actual_fix" name="test_prognostic_area_volume_mapping_conserves_volume_and_bounds_local_thickness" time="0.063" /><testcase classname="tests.test_sea_ice_actual_fix" name="test_forced_ocean_heat_convergence_is_active_and_conservative_above_onset" time="0.088" /><testcase classname="tests.test_v221_scientific_fixes" name="test_whole_domain_equilibrium_salt_closure" time="16.377" /><testcase classname="tests.test_v221_scientific_fixes" name="test_smooth_stability_and_transient_validation" time="2.925" /><testcase classname="tests.test_v221_scientific_fixes" name="test_collapse_threshold_semantics" time="0.059" /><testcase classname="tests.test_v221_scientific_fixes" name="test_calibration_outputs_are_not_labeled_validation" time="0.001" /><testcase classname="tests.test_v221_scientific_fixes" name="test_reversible_regional_freshwater_and_regrowth" time="0.077" /><testcase classname="tests.test_v222_remaining_fixes" name="test_unstable_roots_are_never_selected" time="0.065" /><testcase classname="tests.test_v222_remaining_fixes" name="test_adaptive_refinement_and_branch_metadata" time="0.082" /><testcase classname="tests.test_v222_remaining_fixes" name="test_equilibrium_bounds_are_configurable" time="0.055" /><testcase classname="tests.test_v222_remaining_fixes" name="test_jacobian_and_nonlinear_stability_are_multiscale" time="1.262" /><testcase classname="tests.test_v222_remaining_fixes" name="test_greenland_specific_driver_and_separate_mass_counters" time="0.081" /><testcase classname="tests.test_v222_remaining_fixes" name="test_held_out_benchmark_metadata_and_evaluation" time="0.001" /><testcase classname="tests.test_v222_remaining_fixes" name="test_summary_rejects_incomplete_frames_and_reports_gaps" time="0.003" /><testcase classname="tests.test_v223_final_fixes" name="test_branch_assignment_uses_global_secant_prediction" time="0.000" /><testcase classname="tests.test_v223_final_fixes" name="test_pseudo_arclength_predictor_can_turn_parameter_direction" time="0.000" /><testcase classname="tests.test_v223_final_fixes" name="test_root_search_reports_saturation_separately_from_seed_failures" time="1.002" /><testcase classname="tests.test_v223_final_fixes" name="test_unexpected_solver_exceptions_are_not_swallowed" time="0.055" /><testcase classname="tests.test_v223_final_fixes" name="test_complex_dominant_mode_tests_real_and_imaginary_components" time="0.054" /><testcase classname="tests.test_v223_final_fixes" name="test_real_continuation_emits_pseudo_arclength_branch_points" time="3.703" /><testcase classname="tests.test_v223_final_fixes" name="test_frozen_validation_has_multiple_provenance_complete_benchmarks" time="0.001" /><testcase classname="tests.test_v223_final_fixes" name="test_ocean_heat_content_diagnostic_is_finite" time="1.742" /><testcase classname="tests.test_v224_accuracy_fixes" name="test_v224_default_parameters" time="0.000" /><testcase classname="tests.test_v224_accuracy_fixes" name="test_historical_gmst_uses_1850_1900_reference" time="0.004" /><testcase classname="tests.test_v224_accuracy_fixes" name="test_arctic_air_diagnostic_is_distinct_from_surface_state" time="39.988" /><testcase classname="tests.test_v2252_seasonal_arctic" name="test_v2252_physical_defaults_do_not_use_freshwater_compensation" time="0.000" /><testcase classname="tests.test_v2252_seasonal_arctic" name="test_unforced_seasonal_arctic_control_is_stable" time="98.477" /><testcase classname="tests.test_v2252_seasonal_arctic" name="test_warm_and_cold_arctic_perturbations_recover" time="79.698" /><testcase classname="tests.test_v2252_seasonal_arctic" name="test_time_weighted_development_regression_ranges" time="85.367" /><testcase classname="tests.test_v2252_seasonal_arctic" name="test_transient_hosing_recovers_without_density_memory_feedback" time="35.945" /><testcase classname="tests.test_v2252_seasonal_arctic" name="test_arctic_heat_states_are_finite_and_distinct" time="46.335" /><testcase classname="tests.test_v226_thermodynamic_arctic" name="test_v226_defaults_are_physical_and_freshwater_is_not_inflated" time="0.000" /><testcase classname="tests.test_v226_thermodynamic_arctic" name="test_orbital_insolation_resolves_polar_night_and_midnight_sun" time="0.000" /><testcase classname="tests.test_v226_thermodynamic_arctic" name="test_generated_reference_cycle_has_thermodynamic_ice_and_freezing_interface" time="0.063" /><testcase classname="tests.test_v226_thermodynamic_arctic" name="test_internal_arctic_heat_exchange_is_conservative" time="15.126" /><testcase classname="tests.test_v226_thermodynamic_arctic" name="test_legacy_multiplier_controls_do_not_affect_enabled_seasonal_physics" time="35.111" /><testcase classname="tests.test_v226_thermodynamic_arctic" name="test_normal_interfaces_do_not_expose_legacy_multiplier_controls" time="0.002" /><testcase classname="tests.test_v226_thermodynamic_arctic" name="test_greenland_seasonal_forcing_is_summer_dominant_and_annually_normalized" time="0.057" /><testcase classname="tests.test_v226_thermodynamic_arctic" name="test_ssp245_generates_winter_autumn_amplification_and_bidirectional_ocean_exchange" time="81.153" /><testcase classname="tests.test_v2271_maintenance_arctic" name="test_arctic_baseline_and_reference_cycle_at_all_supported_resolutions[2.5]" time="14.694" /><testcase classname="tests.test_v2271_maintenance_arctic" name="test_arctic_baseline_and_reference_cycle_at_all_supported_resolutions[5.0]" time="13.645" /><testcase classname="tests.test_v2271_maintenance_arctic" name="test_arctic_baseline_and_reference_cycle_at_all_supported_resolutions[10.0]" time="13.616" /><testcase classname="tests.test_v2271_maintenance_arctic" name="test_reference_cycle_cache_keys_start_latitude_and_greenland_floor" time="7.039" /><testcase classname="tests.test_v2271_maintenance_arctic" name="test_reference_cycle_cache_is_bounded_lru" time="8.522" /><testcase classname="tests.test_v2271_maintenance_arctic" name="test_temperature_products_are_explicit_and_map_consistent" time="16.135" /><testcase classname="tests.test_v2271_maintenance_arctic" name="test_arctic_amplification_uses_like_for_like_near_surface_air" time="0.006" /><testcase classname="tests.test_v2271_maintenance_arctic" name="test_arctic_exchange_priors_and_tooltips_include_defaults" time="0.001" /><testcase classname="tests.test_v2271_maintenance_arctic" name="test_archived_v22916_validation_records_are_internally_consistent" time="0.005" /><testcase classname="tests.test_v227_structural_arctic_greenland" name="test_v227_defaults_keep_freshwater_rates_and_use_structural_amoc_settings" time="0.004" /><testcase classname="tests.test_v227_structural_arctic_greenland" name="test_arctic_ocean_baseline_is_freezing_bounded_and_global_mean_is_preserved" time="0.061" /><testcase classname="tests.test_v227_structural_arctic_greenland" name="test_reference_ice_cycle_is_periodic_and_energy_budget_generated" time="0.060" /><testcase classname="tests.test_v227_structural_arctic_greenland" name="test_greenland_surface_mass_balance_is_zero_in_control_and_signed_under_anomalies" time="0.069" /><testcase classname="tests.test_v227_structural_arctic_greenland" name="test_greenland_dynamic_discharge_is_separate_from_surface_mass_balance" time="0.080" /><testcase classname="tests.test_v227_structural_arctic_greenland" name="test_greenland_combined_diagnostic_obeys_total_rate_and_reservoir_caps" time="0.062" /><testcase classname="tests.test_v227_structural_arctic_greenland" name="test_release_metadata_and_normal_interfaces_are_synchronized" time="0.001" /><testcase classname="tests.test_v227_structural_arctic_greenland" name="test_desktop_gui_and_monte_carlo_expose_structural_controls" time="0.000" /><testcase classname="tests.test_v2281_interface_maintenance" name="test_release_version_is_v2292" time="0.000" /><testcase classname="tests.test_v2281_interface_maintenance" name="test_desktop_defaults_match_model_config" time="0.001" /><testcase classname="tests.test_v2281_interface_maintenance" name="test_desktop_monte_carlo_ranges_contain_validated_defaults" time="0.000" /><testcase classname="tests.test_v2281_interface_maintenance" name="test_desktop_monte_carlo_command_constructs_valid_reference_model" time="0.081" /><testcase classname="tests.test_v2281_interface_maintenance" name="test_science_priors_contain_and_center_validated_amoc_defaults" time="0.000" /><testcase classname="tests.test_v2281_interface_maintenance" name="test_streamlit_uses_canonical_model_defaults_for_amoc_controls" time="0.001" /><testcase classname="tests.test_v2281_interface_maintenance" name="test_v229_arctic_coupling_defaults_match_cli_and_desktop" time="0.004" /><testcase classname="tests.test_v2281_remaining_maintenance" name="test_toa_includes_global_arctic_external_flux_anomaly" time="0.059" /><testcase classname="tests.test_v2281_remaining_maintenance" name="test_corrected_toa_closes_short_abrupt_2x_heat_budget" time="1.998" /><testcase classname="tests.test_v2281_remaining_maintenance" name="test_open_water_map_is_masked_where_open_water_is_absent" time="0.667" /><testcase classname="tests.test_v2281_remaining_maintenance" name="test_inactive_arctic_controls_are_not_active_gui_or_monte_carlo_inputs" time="0.000" /><testcase classname="tests.test_v2281_remaining_maintenance" name="test_filtered_sat_output_and_tooltip_use_actual_memory_timescale" time="0.057" /><testcase classname="tests.test_v2281_remaining_maintenance" name="test_common_validation_sampling_is_identical_for_all_supported_timesteps" time="0.002" /><testcase classname="tests.test_v2281_remaining_maintenance" name="test_validation_script_uses_common_subannual_sampling_for_headline_and_timesteps" time="0.000" /></testsuite></testsuites>